2025-11-29 18:01:47,493 - backend.main - INFO - ==================================================
2025-11-29 18:01:47,493 - backend.main - INFO - AI Interview Coach API Starting Up
2025-11-29 18:01:47,493 - backend.main - INFO - ==================================================
2025-11-29 18:01:47,493 - backend.main - INFO - Version: 1.0.0
2025-11-29 18:01:47,493 - backend.main - INFO - Docs available at: http://127.0.0.1:9800/docs
2025-11-29 18:01:47,493 - backend.main - INFO - ==================================================
2025-11-29 18:03:37,298 - backend.main - INFO - AI Interview Coach API Shutting Down...
2025-11-29 18:03:38,986 - backend.main - INFO - ==================================================
2025-11-29 18:03:38,986 - backend.main - INFO - AI Interview Coach API Starting Up
2025-11-29 18:03:38,986 - backend.main - INFO - ==================================================
2025-11-29 18:03:38,986 - backend.main - INFO - Version: 1.0.0
2025-11-29 18:03:38,986 - backend.main - INFO - Docs available at: http://127.0.0.1:9800/docs
2025-11-29 18:03:38,986 - backend.main - INFO - ==================================================
2025-11-29 18:09:19,097 - backend.analyzer - INFO - Starting resume analysis...
2025-11-29 18:09:19,104 - backend.analyzer - INFO - Found 8 skills in resume
2025-11-29 18:09:19,104 - backend.analyzer - INFO - Found 6 skills in job description
2025-11-29 18:09:19,106 - backend.analyzer - INFO - Resume analysis completed successfully
2025-11-29 18:09:19,106 - backend.similarity - INFO - Similarity scores - Cosine: 0.53, Jaccard: 0.35, Keyword: 0.56, Final: 50.11%
2025-11-29 18:09:21,645 - backend.analyzer - INFO - Starting resume analysis...
2025-11-29 18:09:21,646 - backend.analyzer - INFO - Found 8 skills in resume
2025-11-29 18:09:21,646 - backend.analyzer - INFO - Found 6 skills in job description
2025-11-29 18:09:21,646 - backend.analyzer - INFO - Resume analysis completed successfully
2025-11-29 18:09:21,647 - backend.similarity - INFO - Similarity scores - Cosine: 0.53, Jaccard: 0.35, Keyword: 0.56, Final: 50.11%
2025-11-29 18:09:29,772 - backend.analyzer - INFO - Starting resume analysis...
2025-11-29 18:09:29,774 - backend.analyzer - INFO - Found 8 skills in resume
2025-11-29 18:09:29,774 - backend.analyzer - INFO - Found 6 skills in job description
2025-11-29 18:09:29,774 - backend.analyzer - INFO - Resume analysis completed successfully
2025-11-29 18:09:29,774 - backend.similarity - INFO - Similarity scores - Cosine: 0.53, Jaccard: 0.35, Keyword: 0.56, Final: 50.11%
2025-11-29 18:09:30,609 - backend.analyzer - INFO - Starting resume analysis...
2025-11-29 18:09:30,610 - backend.analyzer - INFO - Found 8 skills in resume
2025-11-29 18:09:30,611 - backend.analyzer - INFO - Found 6 skills in job description
2025-11-29 18:09:30,611 - backend.analyzer - INFO - Resume analysis completed successfully
2025-11-29 18:09:30,611 - backend.similarity - INFO - Similarity scores - Cosine: 0.53, Jaccard: 0.35, Keyword: 0.56, Final: 50.11%
2025-11-29 18:09:31,157 - backend.analyzer - INFO - Starting resume analysis...
2025-11-29 18:09:31,158 - backend.analyzer - INFO - Found 8 skills in resume
2025-11-29 18:09:31,159 - backend.analyzer - INFO - Found 6 skills in job description
2025-11-29 18:09:31,159 - backend.analyzer - INFO - Resume analysis completed successfully
2025-11-29 18:09:31,159 - backend.similarity - INFO - Similarity scores - Cosine: 0.53, Jaccard: 0.35, Keyword: 0.56, Final: 50.11%
2025-11-29 18:09:31,421 - backend.analyzer - INFO - Starting resume analysis...
2025-11-29 18:09:31,423 - backend.analyzer - INFO - Found 8 skills in resume
2025-11-29 18:09:31,423 - backend.analyzer - INFO - Found 6 skills in job description
2025-11-29 18:09:31,423 - backend.analyzer - INFO - Resume analysis completed successfully
2025-11-29 18:09:31,423 - backend.similarity - INFO - Similarity scores - Cosine: 0.53, Jaccard: 0.35, Keyword: 0.56, Final: 50.11%
2025-11-29 18:09:31,619 - backend.analyzer - INFO - Starting resume analysis...
2025-11-29 18:09:31,620 - backend.analyzer - INFO - Found 8 skills in resume
2025-11-29 18:09:31,620 - backend.analyzer - INFO - Found 6 skills in job description
2025-11-29 18:09:31,620 - backend.analyzer - INFO - Resume analysis completed successfully
2025-11-29 18:09:31,620 - backend.similarity - INFO - Similarity scores - Cosine: 0.53, Jaccard: 0.35, Keyword: 0.56, Final: 50.11%
2025-11-29 18:09:48,939 - backend.analyzer - INFO - Starting resume analysis...
2025-11-29 18:09:48,943 - backend.analyzer - INFO - Found 8 skills in resume
2025-11-29 18:09:48,943 - backend.analyzer - INFO - Found 6 skills in job description
2025-11-29 18:09:48,943 - backend.analyzer - INFO - Resume analysis completed successfully
2025-11-29 18:09:48,943 - backend.similarity - INFO - Similarity scores - Cosine: 0.53, Jaccard: 0.35, Keyword: 0.56, Final: 50.11%
2025-11-29 18:11:06,959 - backend.main - INFO - Received analysis request from 127.0.0.1
2025-11-29 18:11:06,960 - backend.main - INFO - Starting resume analysis...
2025-11-29 18:11:06,960 - backend.analyzer - INFO - Starting resume analysis...
2025-11-29 18:11:06,961 - backend.analyzer - INFO - Found 3 skills in resume
2025-11-29 18:11:06,961 - backend.analyzer - INFO - Found 1 skills in job description
2025-11-29 18:11:06,961 - backend.analyzer - INFO - Resume analysis completed successfully
2025-11-29 18:11:06,962 - backend.main - INFO - Computing similarity score...
2025-11-29 18:11:06,962 - backend.similarity - INFO - Similarity scores - Cosine: 0.46, Jaccard: 0.30, Keyword: 0.50, Final: 44.15%
2025-11-29 18:11:06,962 - backend.main - INFO - Analysis complete. Similarity score: 44.15
2025-11-29 18:11:12,462 - backend.main - INFO - Received analysis request from 127.0.0.1
2025-11-29 18:11:12,462 - backend.main - INFO - Starting resume analysis...
2025-11-29 18:11:12,462 - backend.analyzer - INFO - Starting resume analysis...
2025-11-29 18:11:12,464 - backend.analyzer - INFO - Found 3 skills in resume
2025-11-29 18:11:12,464 - backend.analyzer - INFO - Found 1 skills in job description
2025-11-29 18:11:12,464 - backend.analyzer - INFO - Resume analysis completed successfully
2025-11-29 18:11:12,464 - backend.main - INFO - Computing similarity score...
2025-11-29 18:11:12,465 - backend.similarity - INFO - Similarity scores - Cosine: 0.46, Jaccard: 0.30, Keyword: 0.50, Final: 44.15%
2025-11-29 18:11:12,465 - backend.main - INFO - Analysis complete. Similarity score: 44.15
2025-11-29 18:11:13,232 - backend.main - INFO - Received analysis request from 127.0.0.1
2025-11-29 18:11:13,233 - backend.main - INFO - Starting resume analysis...
2025-11-29 18:11:13,233 - backend.analyzer - INFO - Starting resume analysis...
2025-11-29 18:11:13,234 - backend.analyzer - INFO - Found 3 skills in resume
2025-11-29 18:11:13,235 - backend.analyzer - INFO - Found 1 skills in job description
2025-11-29 18:11:13,235 - backend.analyzer - INFO - Resume analysis completed successfully
2025-11-29 18:11:13,235 - backend.main - INFO - Computing similarity score...
2025-11-29 18:11:13,236 - backend.similarity - INFO - Similarity scores - Cosine: 0.46, Jaccard: 0.30, Keyword: 0.50, Final: 44.15%
2025-11-29 18:11:13,236 - backend.main - INFO - Analysis complete. Similarity score: 44.15
2025-11-29 18:11:41,532 - backend.main - INFO - Received analysis request from 127.0.0.1
2025-11-29 18:11:41,535 - backend.main - INFO - Starting resume analysis...
2025-11-29 18:11:41,535 - backend.analyzer - INFO - Starting resume analysis...
2025-11-29 18:11:41,538 - backend.analyzer - INFO - Found 4 skills in resume
2025-11-29 18:11:41,538 - backend.analyzer - INFO - Found 2 skills in job description
2025-11-29 18:11:41,538 - backend.analyzer - INFO - Resume analysis completed successfully
2025-11-29 18:11:41,538 - backend.main - INFO - Computing similarity score...
2025-11-29 18:11:41,539 - backend.similarity - INFO - Similarity scores - Cosine: 0.22, Jaccard: 0.12, Keyword: 0.20, Final: 19.68%
2025-11-29 18:11:41,539 - backend.main - INFO - Analysis complete. Similarity score: 19.68
2025-11-29 18:11:42,285 - backend.main - INFO - Received analysis request from 127.0.0.1
2025-11-29 18:11:42,285 - backend.main - INFO - Starting resume analysis...
2025-11-29 18:11:42,286 - backend.analyzer - INFO - Starting resume analysis...
2025-11-29 18:11:42,287 - backend.analyzer - INFO - Found 4 skills in resume
2025-11-29 18:11:42,287 - backend.analyzer - INFO - Found 2 skills in job description
2025-11-29 18:11:42,288 - backend.analyzer - INFO - Resume analysis completed successfully
2025-11-29 18:11:42,288 - backend.main - INFO - Computing similarity score...
2025-11-29 18:11:42,288 - backend.similarity - INFO - Similarity scores - Cosine: 0.22, Jaccard: 0.12, Keyword: 0.20, Final: 19.68%
2025-11-29 18:11:42,288 - backend.main - INFO - Analysis complete. Similarity score: 19.68
2025-11-29 18:11:43,095 - backend.main - INFO - Received analysis request from 127.0.0.1
2025-11-29 18:11:43,096 - backend.main - INFO - Starting resume analysis...
2025-11-29 18:11:43,096 - backend.analyzer - INFO - Starting resume analysis...
2025-11-29 18:11:43,098 - backend.analyzer - INFO - Found 4 skills in resume
2025-11-29 18:11:43,098 - backend.analyzer - INFO - Found 2 skills in job description
2025-11-29 18:11:43,098 - backend.analyzer - INFO - Resume analysis completed successfully
2025-11-29 18:11:43,099 - backend.main - INFO - Computing similarity score...
2025-11-29 18:11:43,099 - backend.similarity - INFO - Similarity scores - Cosine: 0.22, Jaccard: 0.12, Keyword: 0.20, Final: 19.68%
2025-11-29 18:11:43,099 - backend.main - INFO - Analysis complete. Similarity score: 19.68
2025-11-29 18:12:00,555 - backend.main - INFO - Received analysis request from 127.0.0.1
2025-11-29 18:12:00,556 - backend.main - INFO - Starting resume analysis...
2025-11-29 18:12:00,557 - backend.analyzer - INFO - Starting resume analysis...
2025-11-29 18:12:00,558 - backend.analyzer - INFO - Found 4 skills in resume
2025-11-29 18:12:00,558 - backend.analyzer - INFO - Found 2 skills in job description
2025-11-29 18:12:00,559 - backend.analyzer - INFO - Resume analysis completed successfully
2025-11-29 18:12:00,559 - backend.main - INFO - Computing similarity score...
2025-11-29 18:12:00,559 - backend.similarity - INFO - Similarity scores - Cosine: 0.22, Jaccard: 0.12, Keyword: 0.20, Final: 19.68%
2025-11-29 18:12:00,559 - backend.main - INFO - Analysis complete. Similarity score: 19.68
2025-11-29 18:12:50,814 - backend.main - INFO - Received analysis request from 127.0.0.1
2025-11-29 18:12:50,817 - backend.main - INFO - Starting resume analysis...
2025-11-29 18:12:50,817 - backend.analyzer - INFO - Starting resume analysis...
2025-11-29 18:12:50,818 - backend.analyzer - INFO - Found 4 skills in resume
2025-11-29 18:12:50,818 - backend.analyzer - INFO - Found 2 skills in job description
2025-11-29 18:12:50,819 - backend.analyzer - INFO - Resume analysis completed successfully
2025-11-29 18:12:50,819 - backend.main - INFO - Computing similarity score...
2025-11-29 18:12:50,819 - backend.similarity - INFO - Similarity scores - Cosine: 0.22, Jaccard: 0.12, Keyword: 0.20, Final: 19.68%
2025-11-29 18:12:50,819 - backend.main - INFO - Analysis complete. Similarity score: 19.68
2025-11-29 18:18:53,116 - backend.main - INFO - AI Interview Coach API Shutting Down...
2025-11-29 18:26:04,365 - backend.main - INFO - ==================================================
2025-11-29 18:26:04,366 - backend.main - INFO - AI Interview Coach API Started Successfully
2025-11-29 18:26:04,366 - backend.main - INFO - ==================================================
2025-11-30 13:27:38,632 - backend.analyzer - INFO - Starting resume analysis...
2025-11-30 13:27:38,636 - backend.analyzer - INFO - Found 15 skills in resume
2025-11-30 13:27:38,636 - backend.analyzer - INFO - Found 6 skills in job description
2025-11-30 13:27:38,636 - backend.analyzer - INFO - Resume analysis completed successfully
2025-11-30 13:27:38,637 - backend.similarity - INFO - Similarity scores - Cosine: 0.23, Jaccard: 0.07, Keyword: 0.13, Final: 16.74%
2025-11-30 13:28:28,285 - backend.analyzer - INFO - Starting resume analysis...
2025-11-30 13:28:28,289 - backend.analyzer - INFO - Found 15 skills in resume
2025-11-30 13:28:28,289 - backend.analyzer - INFO - Found 6 skills in job description
2025-11-30 13:28:28,289 - backend.analyzer - INFO - Resume analysis completed successfully
2025-11-30 13:28:28,290 - backend.similarity - INFO - Similarity scores - Cosine: 0.23, Jaccard: 0.07, Keyword: 0.13, Final: 16.74%
2025-11-30 13:28:29,150 - backend.analyzer - INFO - Starting resume analysis...
2025-11-30 13:28:29,153 - backend.analyzer - INFO - Found 15 skills in resume
2025-11-30 13:28:29,153 - backend.analyzer - INFO - Found 6 skills in job description
2025-11-30 13:28:29,153 - backend.analyzer - INFO - Resume analysis completed successfully
2025-11-30 13:28:29,153 - backend.similarity - INFO - Similarity scores - Cosine: 0.23, Jaccard: 0.07, Keyword: 0.13, Final: 16.74%
2025-11-30 13:28:29,934 - backend.analyzer - INFO - Starting resume analysis...
2025-11-30 13:28:29,936 - backend.analyzer - INFO - Found 15 skills in resume
2025-11-30 13:28:29,937 - backend.analyzer - INFO - Found 6 skills in job description
2025-11-30 13:28:29,937 - backend.analyzer - INFO - Resume analysis completed successfully
2025-11-30 13:28:29,937 - backend.similarity - INFO - Similarity scores - Cosine: 0.23, Jaccard: 0.07, Keyword: 0.13, Final: 16.74%
2025-11-30 13:29:19,668 - backend.analyzer - INFO - Starting resume analysis...
2025-11-30 13:29:19,671 - backend.analyzer - INFO - Found 15 skills in resume
2025-11-30 13:29:19,671 - backend.analyzer - INFO - Found 6 skills in job description
2025-11-30 13:29:19,672 - backend.analyzer - INFO - Resume analysis completed successfully
2025-11-30 13:29:19,672 - backend.similarity - INFO - Similarity scores - Cosine: 0.23, Jaccard: 0.07, Keyword: 0.13, Final: 16.74%
2025-11-30 13:37:38,360 - backend.analyzer - INFO - Starting resume analysis...
2025-11-30 13:37:38,363 - backend.analyzer - INFO - Found 16 skills in resume
2025-11-30 13:37:38,364 - backend.analyzer - INFO - Found 6 skills in job description
2025-11-30 13:37:38,365 - backend.analyzer - INFO - Resume analysis completed successfully
2025-11-30 13:37:38,366 - backend.similarity - INFO - Similarity scores - Cosine: 0.23, Jaccard: 0.06, Keyword: 0.13, Final: 16.62%
2025-11-30 13:37:41,944 - backend.analyzer - INFO - Starting resume analysis...
2025-11-30 13:37:41,949 - backend.analyzer - INFO - Found 16 skills in resume
2025-11-30 13:37:41,949 - backend.analyzer - INFO - Found 6 skills in job description
2025-11-30 13:37:41,949 - backend.analyzer - INFO - Resume analysis completed successfully
2025-11-30 13:37:41,950 - backend.similarity - INFO - Similarity scores - Cosine: 0.23, Jaccard: 0.06, Keyword: 0.13, Final: 16.62%
2025-11-30 13:37:42,290 - backend.analyzer - INFO - Starting resume analysis...
2025-11-30 13:37:42,297 - backend.analyzer - INFO - Found 16 skills in resume
2025-11-30 13:37:42,297 - backend.analyzer - INFO - Found 6 skills in job description
2025-11-30 13:37:42,298 - backend.analyzer - INFO - Resume analysis completed successfully
2025-11-30 13:37:42,299 - backend.similarity - INFO - Similarity scores - Cosine: 0.23, Jaccard: 0.06, Keyword: 0.13, Final: 16.62%
2025-11-30 13:37:42,506 - backend.analyzer - INFO - Starting resume analysis...
2025-11-30 13:37:42,512 - backend.analyzer - INFO - Found 16 skills in resume
2025-11-30 13:37:42,512 - backend.analyzer - INFO - Found 6 skills in job description
2025-11-30 13:37:42,513 - backend.analyzer - INFO - Resume analysis completed successfully
2025-11-30 13:37:42,514 - backend.similarity - INFO - Similarity scores - Cosine: 0.23, Jaccard: 0.06, Keyword: 0.13, Final: 16.62%
2025-11-30 13:41:49,825 - backend.analyzer - INFO - Starting resume analysis...
2025-11-30 13:41:49,830 - backend.analyzer - INFO - Found 16 skills in resume
2025-11-30 13:41:49,830 - backend.analyzer - INFO - Found 6 skills in job description
2025-11-30 13:41:49,832 - backend.analyzer - INFO - Resume analysis completed successfully
2025-11-30 13:41:49,834 - backend.similarity - INFO - Similarity scores - Cosine: 0.23, Jaccard: 0.06, Keyword: 0.13, Final: 16.62%
2025-11-30 13:43:51,715 - backend.analyzer - INFO - Starting resume analysis...
2025-11-30 13:43:51,721 - backend.analyzer - INFO - Found 16 skills in resume
2025-11-30 13:43:51,721 - backend.analyzer - INFO - Found 14 skills in job description
2025-11-30 13:43:51,723 - backend.analyzer - INFO - Resume analysis completed successfully
2025-11-30 13:43:51,726 - backend.similarity - INFO - Similarity scores - Cosine: 0.52, Jaccard: 0.29, Keyword: 0.67, Final: 51.57%
2025-11-30 13:43:52,854 - backend.analyzer - INFO - Starting resume analysis...
2025-11-30 13:43:52,857 - backend.analyzer - INFO - Found 16 skills in resume
2025-11-30 13:43:52,857 - backend.analyzer - INFO - Found 14 skills in job description
2025-11-30 13:43:52,858 - backend.analyzer - INFO - Resume analysis completed successfully
2025-11-30 13:43:52,858 - backend.similarity - INFO - Similarity scores - Cosine: 0.52, Jaccard: 0.29, Keyword: 0.67, Final: 51.57%
2025-11-30 13:43:53,656 - backend.analyzer - INFO - Starting resume analysis...
2025-11-30 13:43:53,663 - backend.analyzer - INFO - Found 16 skills in resume
2025-11-30 13:43:53,663 - backend.analyzer - INFO - Found 14 skills in job description
2025-11-30 13:43:53,664 - backend.analyzer - INFO - Resume analysis completed successfully
2025-11-30 13:43:53,665 - backend.similarity - INFO - Similarity scores - Cosine: 0.52, Jaccard: 0.29, Keyword: 0.67, Final: 51.57%
2025-11-30 13:45:43,330 - backend.analyzer - INFO - Starting resume analysis...
2025-11-30 13:45:43,336 - backend.analyzer - INFO - Found 16 skills in resume
2025-11-30 13:45:43,336 - backend.analyzer - INFO - Found 11 skills in job description
2025-11-30 13:45:43,337 - backend.analyzer - INFO - Resume analysis completed successfully
2025-11-30 13:45:43,338 - backend.similarity - INFO - Similarity scores - Cosine: 0.38, Jaccard: 0.17, Keyword: 0.43, Final: 35.44%
2025-11-30 13:45:44,752 - backend.analyzer - INFO - Starting resume analysis...
2025-11-30 13:45:44,756 - backend.analyzer - INFO - Found 16 skills in resume
2025-11-30 13:45:44,756 - backend.analyzer - INFO - Found 11 skills in job description
2025-11-30 13:45:44,756 - backend.analyzer - INFO - Resume analysis completed successfully
2025-11-30 13:45:44,757 - backend.similarity - INFO - Similarity scores - Cosine: 0.38, Jaccard: 0.17, Keyword: 0.43, Final: 35.44%
2025-11-30 13:45:45,274 - backend.analyzer - INFO - Starting resume analysis...
2025-11-30 13:45:45,277 - backend.analyzer - INFO - Found 16 skills in resume
2025-11-30 13:45:45,278 - backend.analyzer - INFO - Found 11 skills in job description
2025-11-30 13:45:45,278 - backend.analyzer - INFO - Resume analysis completed successfully
2025-11-30 13:45:45,279 - backend.similarity - INFO - Similarity scores - Cosine: 0.38, Jaccard: 0.17, Keyword: 0.43, Final: 35.44%
2025-11-30 13:45:45,569 - backend.analyzer - INFO - Starting resume analysis...
2025-11-30 13:45:45,575 - backend.analyzer - INFO - Found 16 skills in resume
2025-11-30 13:45:45,575 - backend.analyzer - INFO - Found 11 skills in job description
2025-11-30 13:45:45,576 - backend.analyzer - INFO - Resume analysis completed successfully
2025-11-30 13:45:45,577 - backend.similarity - INFO - Similarity scores - Cosine: 0.38, Jaccard: 0.17, Keyword: 0.43, Final: 35.44%
2025-11-30 13:45:49,227 - backend.analyzer - INFO - Starting resume analysis...
2025-11-30 13:45:49,232 - backend.analyzer - INFO - Found 16 skills in resume
2025-11-30 13:45:49,232 - backend.analyzer - INFO - Found 11 skills in job description
2025-11-30 13:45:49,233 - backend.analyzer - INFO - Resume analysis completed successfully
2025-11-30 13:45:49,234 - backend.similarity - INFO - Similarity scores - Cosine: 0.38, Jaccard: 0.17, Keyword: 0.43, Final: 35.44%
2025-11-30 13:45:49,587 - backend.analyzer - INFO - Starting resume analysis...
2025-11-30 13:45:49,593 - backend.analyzer - INFO - Found 16 skills in resume
2025-11-30 13:45:49,593 - backend.analyzer - INFO - Found 11 skills in job description
2025-11-30 13:45:49,593 - backend.analyzer - INFO - Resume analysis completed successfully
2025-11-30 13:45:49,594 - backend.similarity - INFO - Similarity scores - Cosine: 0.38, Jaccard: 0.17, Keyword: 0.43, Final: 35.44%
2025-11-30 13:46:04,095 - backend.analyzer - INFO - Starting resume analysis...
2025-11-30 13:46:04,098 - backend.analyzer - INFO - Found 15 skills in resume
2025-11-30 13:46:04,098 - backend.analyzer - INFO - Found 11 skills in job description
2025-11-30 13:46:04,099 - backend.analyzer - INFO - Resume analysis completed successfully
2025-11-30 13:46:04,099 - backend.similarity - INFO - Similarity scores - Cosine: 0.39, Jaccard: 0.16, Keyword: 0.43, Final: 35.54%
2025-11-30 13:46:04,970 - backend.analyzer - INFO - Starting resume analysis...
2025-11-30 13:46:04,972 - backend.analyzer - INFO - Found 15 skills in resume
2025-11-30 13:46:04,972 - backend.analyzer - INFO - Found 11 skills in job description
2025-11-30 13:46:04,973 - backend.analyzer - INFO - Resume analysis completed successfully
2025-11-30 13:46:04,973 - backend.similarity - INFO - Similarity scores - Cosine: 0.39, Jaccard: 0.16, Keyword: 0.43, Final: 35.54%
2025-11-30 13:46:05,122 - backend.analyzer - INFO - Starting resume analysis...
2025-11-30 13:46:05,124 - backend.analyzer - INFO - Found 15 skills in resume
2025-11-30 13:46:05,124 - backend.analyzer - INFO - Found 11 skills in job description
2025-11-30 13:46:05,124 - backend.analyzer - INFO - Resume analysis completed successfully
2025-11-30 13:46:05,125 - backend.similarity - INFO - Similarity scores - Cosine: 0.39, Jaccard: 0.16, Keyword: 0.43, Final: 35.54%
2025-11-30 13:46:05,279 - backend.analyzer - INFO - Starting resume analysis...
2025-11-30 13:46:05,281 - backend.analyzer - INFO - Found 15 skills in resume
2025-11-30 13:46:05,281 - backend.analyzer - INFO - Found 11 skills in job description
2025-11-30 13:46:05,281 - backend.analyzer - INFO - Resume analysis completed successfully
2025-11-30 13:46:05,282 - backend.similarity - INFO - Similarity scores - Cosine: 0.39, Jaccard: 0.16, Keyword: 0.43, Final: 35.54%
2025-11-30 13:46:05,471 - backend.analyzer - INFO - Starting resume analysis...
2025-11-30 13:46:05,474 - backend.analyzer - INFO - Found 15 skills in resume
2025-11-30 13:46:05,474 - backend.analyzer - INFO - Found 11 skills in job description
2025-11-30 13:46:05,474 - backend.analyzer - INFO - Resume analysis completed successfully
2025-11-30 13:46:05,474 - backend.similarity - INFO - Similarity scores - Cosine: 0.39, Jaccard: 0.16, Keyword: 0.43, Final: 35.54%
2025-11-30 13:46:05,687 - backend.analyzer - INFO - Starting resume analysis...
2025-11-30 13:46:05,689 - backend.analyzer - INFO - Found 15 skills in resume
2025-11-30 13:46:05,689 - backend.analyzer - INFO - Found 11 skills in job description
2025-11-30 13:46:05,690 - backend.analyzer - INFO - Resume analysis completed successfully
2025-11-30 13:46:05,690 - backend.similarity - INFO - Similarity scores - Cosine: 0.39, Jaccard: 0.16, Keyword: 0.43, Final: 35.54%
2025-11-30 13:46:05,920 - backend.analyzer - INFO - Starting resume analysis...
2025-11-30 13:46:05,922 - backend.analyzer - INFO - Found 15 skills in resume
2025-11-30 13:46:05,922 - backend.analyzer - INFO - Found 11 skills in job description
2025-11-30 13:46:05,922 - backend.analyzer - INFO - Resume analysis completed successfully
2025-11-30 13:46:05,923 - backend.similarity - INFO - Similarity scores - Cosine: 0.39, Jaccard: 0.16, Keyword: 0.43, Final: 35.54%
2025-11-30 13:47:05,190 - backend.analyzer - INFO - Starting resume analysis...
2025-11-30 13:47:05,194 - backend.analyzer - INFO - Found 15 skills in resume
2025-11-30 13:47:05,194 - backend.analyzer - INFO - Found 11 skills in job description
2025-11-30 13:47:05,194 - backend.analyzer - INFO - Resume analysis completed successfully
2025-11-30 13:47:05,195 - backend.similarity - INFO - Similarity scores - Cosine: 0.39, Jaccard: 0.16, Keyword: 0.43, Final: 35.54%
2025-11-30 13:48:26,411 - backend.analyzer - INFO - Starting resume analysis...
2025-11-30 13:48:26,414 - backend.analyzer - INFO - Found 15 skills in resume
2025-11-30 13:48:26,414 - backend.analyzer - INFO - Found 9 skills in job description
2025-11-30 13:48:26,414 - backend.analyzer - INFO - Resume analysis completed successfully
2025-11-30 13:48:26,415 - backend.similarity - INFO - Similarity scores - Cosine: 0.20, Jaccard: 0.06, Keyword: 0.30, Final: 20.37%
2025-11-30 13:48:31,004 - backend.analyzer - INFO - Starting resume analysis...
2025-11-30 13:48:31,006 - backend.analyzer - INFO - Found 15 skills in resume
2025-11-30 13:48:31,006 - backend.analyzer - INFO - Found 9 skills in job description
2025-11-30 13:48:31,006 - backend.analyzer - INFO - Resume analysis completed successfully
2025-11-30 13:48:31,006 - backend.similarity - INFO - Similarity scores - Cosine: 0.20, Jaccard: 0.06, Keyword: 0.30, Final: 20.37%
2025-11-30 13:48:31,711 - backend.analyzer - INFO - Starting resume analysis...
2025-11-30 13:48:31,713 - backend.analyzer - INFO - Found 15 skills in resume
2025-11-30 13:48:31,713 - backend.analyzer - INFO - Found 9 skills in job description
2025-11-30 13:48:31,713 - backend.analyzer - INFO - Resume analysis completed successfully
2025-11-30 13:48:31,714 - backend.similarity - INFO - Similarity scores - Cosine: 0.20, Jaccard: 0.06, Keyword: 0.30, Final: 20.37%
2025-11-30 13:48:36,202 - backend.analyzer - INFO - Starting resume analysis...
2025-11-30 13:48:36,204 - backend.analyzer - INFO - Found 15 skills in resume
2025-11-30 13:48:36,204 - backend.analyzer - INFO - Found 9 skills in job description
2025-11-30 13:48:36,204 - backend.analyzer - INFO - Resume analysis completed successfully
2025-11-30 13:48:36,204 - backend.similarity - INFO - Similarity scores - Cosine: 0.20, Jaccard: 0.06, Keyword: 0.30, Final: 20.37%
2025-11-30 13:48:36,724 - backend.analyzer - INFO - Starting resume analysis...
2025-11-30 13:48:36,726 - backend.analyzer - INFO - Found 15 skills in resume
2025-11-30 13:48:36,726 - backend.analyzer - INFO - Found 9 skills in job description
2025-11-30 13:48:36,726 - backend.analyzer - INFO - Resume analysis completed successfully
2025-11-30 13:48:36,726 - backend.similarity - INFO - Similarity scores - Cosine: 0.20, Jaccard: 0.06, Keyword: 0.30, Final: 20.37%
2025-11-30 13:48:37,699 - backend.analyzer - INFO - Starting resume analysis...
2025-11-30 13:48:37,701 - backend.analyzer - INFO - Found 15 skills in resume
2025-11-30 13:48:37,701 - backend.analyzer - INFO - Found 9 skills in job description
2025-11-30 13:48:37,701 - backend.analyzer - INFO - Resume analysis completed successfully
2025-11-30 13:48:37,701 - backend.similarity - INFO - Similarity scores - Cosine: 0.20, Jaccard: 0.06, Keyword: 0.30, Final: 20.37%
2025-11-30 13:48:48,106 - backend.analyzer - INFO - Starting resume analysis...
2025-11-30 13:48:48,109 - backend.analyzer - INFO - Found 15 skills in resume
2025-11-30 13:48:48,109 - backend.analyzer - INFO - Found 9 skills in job description
2025-11-30 13:48:48,109 - backend.analyzer - INFO - Resume analysis completed successfully
2025-11-30 13:48:48,110 - backend.similarity - INFO - Similarity scores - Cosine: 0.20, Jaccard: 0.06, Keyword: 0.30, Final: 20.37%
2025-11-30 13:49:00,828 - backend.analyzer - INFO - Starting resume analysis...
2025-11-30 13:49:00,833 - backend.analyzer - INFO - Found 15 skills in resume
2025-11-30 13:49:00,833 - backend.analyzer - INFO - Found 9 skills in job description
2025-11-30 13:49:00,833 - backend.analyzer - INFO - Resume analysis completed successfully
2025-11-30 13:49:00,834 - backend.similarity - INFO - Similarity scores - Cosine: 0.20, Jaccard: 0.06, Keyword: 0.30, Final: 20.37%
2025-11-30 13:49:02,370 - backend.analyzer - INFO - Starting resume analysis...
2025-11-30 13:49:02,372 - backend.analyzer - INFO - Found 15 skills in resume
2025-11-30 13:49:02,372 - backend.analyzer - INFO - Found 9 skills in job description
2025-11-30 13:49:02,372 - backend.analyzer - INFO - Resume analysis completed successfully
2025-11-30 13:49:02,373 - backend.similarity - INFO - Similarity scores - Cosine: 0.20, Jaccard: 0.06, Keyword: 0.30, Final: 20.37%
2025-11-30 13:49:08,475 - backend.analyzer - INFO - Starting resume analysis...
2025-11-30 13:49:08,477 - backend.analyzer - INFO - Found 15 skills in resume
2025-11-30 13:49:08,477 - backend.analyzer - INFO - Found 9 skills in job description
2025-11-30 13:49:08,478 - backend.analyzer - INFO - Resume analysis completed successfully
2025-11-30 13:49:08,478 - backend.similarity - INFO - Similarity scores - Cosine: 0.20, Jaccard: 0.06, Keyword: 0.30, Final: 20.37%
2025-11-30 13:49:08,676 - backend.analyzer - INFO - Starting resume analysis...
2025-11-30 13:49:08,678 - backend.analyzer - INFO - Found 15 skills in resume
2025-11-30 13:49:08,678 - backend.analyzer - INFO - Found 9 skills in job description
2025-11-30 13:49:08,678 - backend.analyzer - INFO - Resume analysis completed successfully
2025-11-30 13:49:08,679 - backend.similarity - INFO - Similarity scores - Cosine: 0.20, Jaccard: 0.06, Keyword: 0.30, Final: 20.37%
2025-11-30 13:53:44,262 - backend.main - INFO - ==================================================
2025-11-30 13:53:44,262 - backend.main - INFO - AI Interview Coach API Started Successfully
2025-11-30 13:53:44,262 - backend.main - INFO - ==================================================
2025-11-30 13:54:18,436 - backend.main - INFO - ==================================================
2025-11-30 13:54:18,436 - backend.main - INFO - AI Interview Coach API Started Successfully
2025-11-30 13:54:18,437 - backend.main - INFO - ==================================================
2025-11-30 13:56:37,762 - backend.analyzer - INFO - Starting resume analysis...
2025-11-30 13:56:37,765 - backend.analyzer - INFO - Found 15 skills in resume
2025-11-30 13:56:37,765 - backend.analyzer - INFO - Found 9 skills in job description
2025-11-30 13:56:37,766 - backend.analyzer - INFO - Resume analysis completed successfully
2025-11-30 13:56:37,767 - backend.similarity - INFO - Similarity -> Cosine: 0.22, Jaccard: 0.06, Keywords: 0.29, Final Score: 21.12
2025-11-30 13:56:41,648 - backend.analyzer - INFO - Starting resume analysis...
2025-11-30 13:56:41,650 - backend.analyzer - INFO - Found 15 skills in resume
2025-11-30 13:56:41,650 - backend.analyzer - INFO - Found 9 skills in job description
2025-11-30 13:56:41,651 - backend.analyzer - INFO - Resume analysis completed successfully
2025-11-30 13:56:41,651 - backend.similarity - INFO - Similarity -> Cosine: 0.22, Jaccard: 0.06, Keywords: 0.29, Final Score: 21.12
2025-11-30 13:56:42,445 - backend.analyzer - INFO - Starting resume analysis...
2025-11-30 13:56:42,447 - backend.analyzer - INFO - Found 15 skills in resume
2025-11-30 13:56:42,447 - backend.analyzer - INFO - Found 9 skills in job description
2025-11-30 13:56:42,447 - backend.analyzer - INFO - Resume analysis completed successfully
2025-11-30 13:56:42,448 - backend.similarity - INFO - Similarity -> Cosine: 0.22, Jaccard: 0.06, Keywords: 0.29, Final Score: 21.12
2025-11-30 13:57:36,122 - backend.analyzer - INFO - Starting resume analysis...
2025-11-30 13:57:36,125 - backend.analyzer - INFO - Found 15 skills in resume
2025-11-30 13:57:36,125 - backend.analyzer - INFO - Found 3 skills in job description
2025-11-30 13:57:36,125 - backend.analyzer - INFO - Resume analysis completed successfully
2025-11-30 13:57:36,126 - backend.similarity - INFO - Similarity -> Cosine: 0.05, Jaccard: 0.01, Keywords: 0.03, Final Score: 3.66
2025-11-30 13:57:37,381 - backend.analyzer - INFO - Starting resume analysis...
2025-11-30 13:57:37,383 - backend.analyzer - INFO - Found 15 skills in resume
2025-11-30 13:57:37,383 - backend.analyzer - INFO - Found 3 skills in job description
2025-11-30 13:57:37,383 - backend.analyzer - INFO - Resume analysis completed successfully
2025-11-30 13:57:37,384 - backend.similarity - INFO - Similarity -> Cosine: 0.05, Jaccard: 0.01, Keywords: 0.03, Final Score: 3.66
2025-11-30 14:00:21,266 - backend.analyzer - INFO - Starting resume analysis...
2025-11-30 14:00:21,269 - backend.analyzer - INFO - Found 15 skills in resume
2025-11-30 14:00:21,269 - backend.analyzer - INFO - Found 9 skills in job description
2025-11-30 14:00:21,270 - backend.analyzer - INFO - Resume analysis completed successfully
2025-11-30 14:00:21,270 - backend.similarity - INFO - Similarity -> Cosine: 0.22, Jaccard: 0.06, Keywords: 0.29, Final Score: 21.12
2025-11-30 14:02:08,368 - backend.main - INFO - ==================================================
2025-11-30 14:02:08,368 - backend.main - INFO - AI Interview Coach API Started Successfully
2025-11-30 14:02:08,368 - backend.main - INFO - ==================================================
2025-11-30 14:02:19,782 - backend.main - INFO - ==================================================
2025-11-30 14:02:19,782 - backend.main - INFO - AI Interview Coach API Started Successfully
2025-11-30 14:02:19,782 - backend.main - INFO - ==================================================
2025-11-30 14:03:31,600 - backend.analyzer - INFO - Starting resume analysis...
2025-11-30 14:03:31,603 - backend.analyzer - INFO - Found 15 skills in resume
2025-11-30 14:03:31,603 - backend.analyzer - INFO - Found 9 skills in job description
2025-11-30 14:03:31,604 - backend.analyzer - INFO - Resume analysis completed successfully
2025-11-30 14:03:31,604 - backend.similarity - INFO - Skill score: 0.29, Cosine: 0.22, Final Score: 27.94%
2025-11-30 14:03:34,668 - backend.analyzer - INFO - Starting resume analysis...
2025-11-30 14:03:34,670 - backend.analyzer - INFO - Found 15 skills in resume
2025-11-30 14:03:34,670 - backend.analyzer - INFO - Found 9 skills in job description
2025-11-30 14:03:34,670 - backend.analyzer - INFO - Resume analysis completed successfully
2025-11-30 14:03:34,671 - backend.similarity - INFO - Skill score: 0.29, Cosine: 0.22, Final Score: 27.94%
2025-11-30 14:03:35,595 - backend.analyzer - INFO - Starting resume analysis...
2025-11-30 14:03:35,597 - backend.analyzer - INFO - Found 15 skills in resume
2025-11-30 14:03:35,597 - backend.analyzer - INFO - Found 9 skills in job description
2025-11-30 14:03:35,597 - backend.analyzer - INFO - Resume analysis completed successfully
2025-11-30 14:03:35,598 - backend.similarity - INFO - Skill score: 0.29, Cosine: 0.22, Final Score: 27.94%
2025-11-30 14:03:55,543 - backend.analyzer - INFO - Starting resume analysis...
2025-11-30 14:03:55,546 - backend.analyzer - INFO - Found 15 skills in resume
2025-11-30 14:03:55,546 - backend.analyzer - INFO - Found 7 skills in job description
2025-11-30 14:03:55,547 - backend.analyzer - INFO - Resume analysis completed successfully
2025-11-30 14:03:55,547 - backend.similarity - INFO - Skill score: 0.11, Cosine: 0.11, Final Score: 11.14%
2025-11-30 14:04:19,287 - backend.analyzer - INFO - Starting resume analysis...
2025-11-30 14:04:19,290 - backend.analyzer - INFO - Found 15 skills in resume
2025-11-30 14:04:19,290 - backend.analyzer - INFO - Found 9 skills in job description
2025-11-30 14:04:19,290 - backend.analyzer - INFO - Resume analysis completed successfully
2025-11-30 14:04:19,291 - backend.similarity - INFO - Skill score: 0.29, Cosine: 0.22, Final Score: 27.94%
2025-11-30 14:08:00,776 - backend.main - INFO - ==================================================
2025-11-30 14:08:00,777 - backend.main - INFO - AI Interview Coach API Started Successfully
2025-11-30 14:08:00,777 - backend.main - INFO - ==================================================
2025-11-30 14:08:07,536 - backend.main - INFO - ==================================================
2025-11-30 14:08:07,536 - backend.main - INFO - AI Interview Coach API Started Successfully
2025-11-30 14:08:07,536 - backend.main - INFO - ==================================================
2025-11-30 14:09:18,122 - backend.analyzer - INFO - Starting resume analysis...
2025-11-30 14:09:18,126 - backend.analyzer - INFO - Found 15 skills in resume
2025-11-30 14:09:18,126 - backend.analyzer - INFO - Found 9 skills in job description
2025-11-30 14:09:18,127 - backend.analyzer - INFO - Resume analysis completed successfully
2025-11-30 14:09:18,127 - backend.similarity - INFO - Skill score: 0.28, Cosine: 0.29, Final Score: 28.2%
2025-11-30 14:09:52,201 - backend.analyzer - INFO - Starting resume analysis...
2025-11-30 14:09:52,204 - backend.analyzer - INFO - Found 15 skills in resume
2025-11-30 14:09:52,204 - backend.analyzer - INFO - Found 5 skills in job description
2025-11-30 14:09:52,205 - backend.analyzer - INFO - Resume analysis completed successfully
2025-11-30 14:09:52,205 - backend.similarity - INFO - Skill score: 0.06, Cosine: 0.06, Final Score: 6.3%
2025-11-30 14:10:00,307 - backend.analyzer - INFO - Starting resume analysis...
2025-11-30 14:10:00,309 - backend.analyzer - INFO - Found 15 skills in resume
2025-11-30 14:10:00,309 - backend.analyzer - INFO - Found 9 skills in job description
2025-11-30 14:10:00,310 - backend.analyzer - INFO - Resume analysis completed successfully
2025-11-30 14:10:00,310 - backend.similarity - INFO - Skill score: 0.16, Cosine: 0.17, Final Score: 15.96%
2025-11-30 16:40:09,336 - backend.main - INFO - ==================================================
2025-11-30 16:40:09,336 - backend.main - INFO - AI Interview Coach API Started Successfully
2025-11-30 16:40:09,336 - backend.main - INFO - ==================================================
2025-11-30 16:41:11,665 - backend.analyzer - INFO - Starting resume analysis...
2025-11-30 16:41:11,669 - backend.analyzer - INFO - Found 15 skills in resume
2025-11-30 16:41:11,669 - backend.analyzer - INFO - Found 9 skills in job description
2025-11-30 16:41:11,670 - backend.analyzer - INFO - Resume analysis completed successfully
2025-11-30 16:41:11,670 - backend.similarity - INFO - Skill score: 0.28, Cosine: 0.29, Final Score: 28.2%
2025-11-30 16:48:04,150 - backend.main - INFO - ==================================================
2025-11-30 16:48:04,151 - backend.main - INFO - AI Interview Coach API Started Successfully
2025-11-30 16:48:04,151 - backend.main - INFO - ==================================================
2025-11-30 16:52:24,666 - backend.analyzer - INFO - Starting resume analysis...
2025-11-30 16:52:24,669 - backend.analyzer - INFO - Found 15 skills in resume
2025-11-30 16:52:24,669 - backend.analyzer - INFO - Found 9 skills in job description
2025-11-30 16:52:24,670 - backend.analyzer - INFO - Resume analysis completed successfully
2025-11-30 16:52:24,671 - backend.similarity - INFO - Skill score: 0.28, Cosine: 0.29, Final Score: 28.2%
2025-11-30 16:52:39,853 - backend.analyzer - INFO - Starting resume analysis...
2025-11-30 16:52:39,856 - backend.analyzer - INFO - Found 15 skills in resume
2025-11-30 16:52:39,856 - backend.analyzer - INFO - Found 9 skills in job description
2025-11-30 16:52:39,856 - backend.analyzer - INFO - Resume analysis completed successfully
2025-11-30 16:52:39,856 - backend.similarity - INFO - Skill score: 0.16, Cosine: 0.17, Final Score: 15.96%
2025-11-30 16:52:56,079 - backend.analyzer - INFO - Starting resume analysis...
2025-11-30 16:52:56,082 - backend.analyzer - INFO - Found 15 skills in resume
2025-11-30 16:52:56,082 - backend.analyzer - INFO - Found 5 skills in job description
2025-11-30 16:52:56,083 - backend.analyzer - INFO - Resume analysis completed successfully
2025-11-30 16:52:56,083 - backend.similarity - INFO - Skill score: 0.06, Cosine: 0.06, Final Score: 6.3%
2025-11-30 16:55:14,790 - backend.main - INFO - ==================================================
2025-11-30 16:55:14,790 - backend.main - INFO - AI Interview Coach API Started Successfully
2025-11-30 16:55:14,790 - backend.main - INFO - ==================================================
2025-11-30 16:55:53,763 - backend.main - INFO - ==================================================
2025-11-30 16:55:53,763 - backend.main - INFO - AI Interview Coach API Started Successfully
2025-11-30 16:55:53,763 - backend.main - INFO - ==================================================
2025-11-30 16:57:03,177 - backend.analyzer - INFO - Starting resume analysis...
2025-11-30 16:57:03,181 - backend.analyzer - INFO - Found 15 skills in resume
2025-11-30 16:57:03,181 - backend.analyzer - INFO - Found 9 skills in job description
2025-11-30 16:57:03,182 - backend.analyzer - INFO - Resume analysis completed successfully
2025-11-30 16:57:03,182 - backend.similarity - INFO - Resume skills: {'heroku', 'docker', 'express', 'react', 'rest', 'sql', 'spring', 'javascript', 'mysql', 'angular', 'mongodb', 'nodejs', 'reactjs', 'node', 'api', 'mongo'}
2025-11-30 16:57:03,182 - backend.similarity - INFO - JD skills: {'docker', 'react', 'rest', 'sql', 'aws', 'git', 'javascript', 'nodejs', 'mongodb', 'node', 'github', 'api', 'mongo'}
2025-11-30 16:57:03,182 - backend.similarity - INFO - Skill Score: 0.77 | Cosine: 0.21 | Final Score: 65.75%
2025-11-30 16:57:21,267 - backend.analyzer - INFO - Starting resume analysis...
2025-11-30 16:57:21,270 - backend.analyzer - INFO - Found 15 skills in resume
2025-11-30 16:57:21,270 - backend.analyzer - INFO - Found 6 skills in job description
2025-11-30 16:57:21,270 - backend.analyzer - INFO - Resume analysis completed successfully
2025-11-30 16:57:21,270 - backend.similarity - INFO - Resume skills: {'heroku', 'docker', 'express', 'react', 'rest', 'sql', 'spring', 'javascript', 'mysql', 'angular', 'mongodb', 'nodejs', 'reactjs', 'node', 'api', 'mongo'}
2025-11-30 16:57:21,271 - backend.similarity - INFO - JD skills: {'docker', 'sql', 'spring', 'cicd', 'api', 'postgresql'}
2025-11-30 16:57:21,271 - backend.similarity - INFO - Skill Score: 0.67 | Cosine: 0.10 | Final Score: 55.26%
2025-11-30 16:57:50,990 - backend.analyzer - INFO - Starting resume analysis...
2025-11-30 16:57:50,993 - backend.analyzer - INFO - Found 15 skills in resume
2025-11-30 16:57:50,994 - backend.analyzer - INFO - Found 5 skills in job description
2025-11-30 16:57:50,994 - backend.analyzer - INFO - Resume analysis completed successfully
2025-11-30 16:57:50,994 - backend.similarity - INFO - Resume skills: {'heroku', 'docker', 'express', 'react', 'rest', 'sql', 'spring', 'javascript', 'mysql', 'angular', 'mongodb', 'nodejs', 'reactjs', 'node', 'api', 'mongo'}
2025-11-30 16:57:50,994 - backend.similarity - INFO - JD skills: set()
2025-11-30 16:57:50,994 - backend.similarity - INFO - Skill Score: 0.00 | Cosine: 0.07 | Final Score: 1.46%
2025-12-03 01:40:17,675 - backend.main - INFO - ============================================================
2025-12-03 01:40:17,675 - backend.main - INFO - AI Interview Coach Backend Starting...
2025-12-03 01:40:17,675 - backend.main - INFO - Version: 2.0.0
2025-12-03 01:40:17,675 - backend.main - INFO - Python Version: 3.12.7 | packaged by Anaconda, Inc. | (main, Oct  4 2024, 08:22:19) [Clang 14.0.6 ]
2025-12-03 01:40:17,675 - backend.main - INFO - Max File Size: 10.0 MB
2025-12-03 01:40:17,675 - backend.main - INFO - Allowed Extensions: .pdf, .txt, .doc, .docx
2025-12-03 01:40:17,675 - backend.main - INFO - ============================================================
2025-12-03 01:40:17,675 - backend.main - INFO - AI Interview Coach backend started successfully ✓
2025-12-03 01:40:40,615 - backend.main - INFO - Starting analysis for file: Resume-Sample-1-Software-Engineer.pdf
2025-12-03 01:40:40,616 - backend.main - INFO - Extracting text from file: Resume-Sample-1-Software-Engineer.pdf
2025-12-03 01:40:40,773 - backend.extractor - INFO - Extracted text from 1 PDF pages
2025-12-03 01:40:40,773 - backend.main - INFO - Successfully extracted 3108 characters from resume
2025-12-03 01:40:40,773 - backend.main - INFO - Extracting resume information...
2025-12-03 01:40:40,951 - backend.extractor - INFO - Successfully extracted information: 29 skills, 0.0 years experience
2025-12-03 01:40:40,952 - backend.main - INFO - Extracting job description requirements...
2025-12-03 01:40:40,952 - backend.main - INFO - Extracted skills - Resume: 29, Project: 9, Certification: 0
2025-12-03 01:40:41,009 - backend.extractor - INFO - Successfully extracted information: 33 skills, 0.0 years experience
2025-12-03 01:40:41,009 - backend.main - INFO - Extracted 33 skills from job description
2025-12-03 01:40:41,009 - backend.main - INFO - Calculating similarity metrics...
2025-12-03 01:40:41,009 - backend.similarity - INFO - Starting similarity calculation...
2025-12-03 01:40:41,009 - backend.similarity - INFO - Total resume skills: 29
2025-12-03 01:40:41,009 - backend.similarity - INFO - Total JD skills: 33
2025-12-03 01:40:41,009 - backend.similarity - INFO - Skill match: 16/33 (48.5%)
2025-12-03 01:40:41,832 - backend.similarity - INFO - Similarity calculation completed. Overall score: 59.36%
2025-12-03 01:40:41,835 - backend.main - INFO - Analysis completed successfully. Overall score: 59.36%
2025-12-03 01:58:15,972 - backend.main - INFO - ============================================================
2025-12-03 01:58:15,975 - backend.main - INFO - AI Interview Coach Backend Shutting Down...
2025-12-03 01:58:15,975 - backend.main - INFO - Backend shutdown complete ✓
2025-12-03 01:58:15,975 - backend.main - INFO - ============================================================
2025-12-03 01:59:30,573 - backend.main - INFO - ============================================================
2025-12-03 01:59:30,574 - backend.main - INFO - AI Interview Coach Backend Starting...
2025-12-03 01:59:30,574 - backend.main - INFO - Version: 2.0.0
2025-12-03 01:59:30,574 - backend.main - INFO - Python Version: 3.12.7 | packaged by Anaconda, Inc. | (main, Oct  4 2024, 08:22:19) [Clang 14.0.6 ]
2025-12-03 01:59:30,574 - backend.main - INFO - Max File Size: 10.0 MB
2025-12-03 01:59:30,574 - backend.main - INFO - Allowed Extensions: .docx, .pdf, .doc, .txt
2025-12-03 01:59:30,574 - backend.main - INFO - ============================================================
2025-12-03 01:59:30,574 - backend.main - INFO - AI Interview Coach backend started successfully ✓
2025-12-03 02:00:06,943 - backend.main - INFO - Starting analysis for file: Resume-Sample-1-Software-Engineer.pdf
2025-12-03 02:00:06,944 - backend.main - INFO - Extracting text from file: Resume-Sample-1-Software-Engineer.pdf
2025-12-03 02:00:07,092 - backend.extractor - INFO - Extracted text from 1 PDF pages
2025-12-03 02:00:07,093 - backend.main - INFO - Successfully extracted 3108 characters from resume
2025-12-03 02:00:07,093 - backend.main - INFO - Extracting resume information...
2025-12-03 02:00:07,280 - backend.extractor - INFO - Successfully extracted information: 29 skills, 0.0 years experience
2025-12-03 02:00:07,280 - backend.main - INFO - Extracting job description requirements...
2025-12-03 02:00:07,280 - backend.main - INFO - Extracted skills - Resume: 29, Project: 9, Certification: 0
2025-12-03 02:00:07,335 - backend.extractor - INFO - Successfully extracted information: 33 skills, 0.0 years experience
2025-12-03 02:00:07,335 - backend.main - INFO - Extracted 33 skills from job description
2025-12-03 02:00:07,335 - backend.main - INFO - Calculating similarity metrics...
2025-12-03 02:00:07,335 - backend.similarity - INFO - Starting similarity calculation...
2025-12-03 02:00:07,335 - backend.similarity - INFO - Skill match: 17/30 (56.7%)
2025-12-03 02:00:08,030 - backend.similarity - INFO - Similarity calculation completed. Overall score: 63.45%
2025-12-03 02:00:08,032 - backend.main - INFO - Analysis completed successfully. Overall score: 63.45%
2025-12-03 02:05:44,649 - backend.main - INFO - ============================================================
2025-12-03 02:05:44,649 - backend.main - INFO - AI Interview Coach Backend Shutting Down...
2025-12-03 02:05:44,650 - backend.main - INFO - Backend shutdown complete ✓
2025-12-03 02:05:44,650 - backend.main - INFO - ============================================================
2025-12-03 02:05:55,019 - backend.main - INFO - ============================================================
2025-12-03 02:05:55,020 - backend.main - INFO - AI Interview Coach Backend Starting...
2025-12-03 02:05:55,020 - backend.main - INFO - Version: 2.0.0
2025-12-03 02:05:55,020 - backend.main - INFO - Python Version: 3.12.7 | packaged by Anaconda, Inc. | (main, Oct  4 2024, 08:22:19) [Clang 14.0.6 ]
2025-12-03 02:05:55,020 - backend.main - INFO - Max File Size: 10.0 MB
2025-12-03 02:05:55,020 - backend.main - INFO - Allowed Extensions: .pdf, .doc, .txt, .docx
2025-12-03 02:05:55,020 - backend.main - INFO - ============================================================
2025-12-03 02:05:55,020 - backend.main - INFO - AI Interview Coach backend started successfully ✓
2025-12-03 02:06:08,937 - backend.main - INFO - Starting analysis for file:  Saakshi Makam_Resume.pdf
2025-12-03 02:06:08,938 - backend.main - INFO - Extracting text from file:  Saakshi Makam_Resume.pdf
2025-12-03 02:06:09,049 - backend.extractor - INFO - Extracted text from 1 PDF pages
2025-12-03 02:06:09,050 - backend.main - INFO - Successfully extracted 6394 characters from resume
2025-12-03 02:06:09,050 - backend.main - INFO - Extracting resume information...
2025-12-03 02:06:09,298 - backend.extractor - INFO - Successfully extracted information: 7 skills, 0.0 years experience
2025-12-03 02:06:09,298 - backend.main - INFO - Extracting job description requirements...
2025-12-03 02:06:09,298 - backend.main - INFO - Extracted skills - Resume: 7, Project: 4, Certification: 1
2025-12-03 02:06:09,347 - backend.extractor - INFO - Successfully extracted information: 4 skills, 0.0 years experience
2025-12-03 02:06:09,347 - backend.main - INFO - Extracted 4 skills from job description
2025-12-03 02:06:09,347 - backend.main - INFO - Calculating similarity metrics...
2025-12-03 02:06:09,347 - backend.similarity - INFO - Starting similarity calculation...
2025-12-03 02:06:09,347 - backend.similarity - INFO - Skill match: 3/4 (75.0%)
2025-12-03 02:06:09,833 - backend.similarity - INFO - Similarity calculation completed. Overall score: 76.13%
2025-12-03 02:06:09,834 - backend.main - INFO - Analysis completed successfully. Overall score: 76.13%
2025-12-03 02:07:09,926 - backend.main - INFO - ============================================================
2025-12-03 02:07:09,928 - backend.main - INFO - AI Interview Coach Backend Shutting Down...
2025-12-03 02:07:09,929 - backend.main - INFO - Backend shutdown complete ✓
2025-12-03 02:07:09,929 - backend.main - INFO - ============================================================
2025-12-03 02:07:20,186 - backend.main - INFO - ============================================================
2025-12-03 02:07:20,186 - backend.main - INFO - AI Interview Coach Backend Starting...
2025-12-03 02:07:20,186 - backend.main - INFO - Version: 2.0.0
2025-12-03 02:07:20,186 - backend.main - INFO - Python Version: 3.12.7 | packaged by Anaconda, Inc. | (main, Oct  4 2024, 08:22:19) [Clang 14.0.6 ]
2025-12-03 02:07:20,186 - backend.main - INFO - Max File Size: 10.0 MB
2025-12-03 02:07:20,186 - backend.main - INFO - Allowed Extensions: .txt, .docx, .pdf, .doc
2025-12-03 02:07:20,186 - backend.main - INFO - ============================================================
2025-12-03 02:07:20,186 - backend.main - INFO - AI Interview Coach backend started successfully ✓
2025-12-03 02:07:46,082 - backend.main - INFO - ============================================================
2025-12-03 02:07:46,083 - backend.main - INFO - AI Interview Coach Backend Shutting Down...
2025-12-03 02:07:46,083 - backend.main - INFO - Backend shutdown complete ✓
2025-12-03 02:07:46,083 - backend.main - INFO - ============================================================
2025-12-03 02:08:05,024 - backend.main - INFO - ============================================================
2025-12-03 02:08:05,025 - backend.main - INFO - AI Interview Coach Backend Starting...
2025-12-03 02:08:05,025 - backend.main - INFO - Version: 2.0.0
2025-12-03 02:08:05,025 - backend.main - INFO - Python Version: 3.12.7 | packaged by Anaconda, Inc. | (main, Oct  4 2024, 08:22:19) [Clang 14.0.6 ]
2025-12-03 02:08:05,025 - backend.main - INFO - Max File Size: 10.0 MB
2025-12-03 02:08:05,025 - backend.main - INFO - Allowed Extensions: .txt, .pdf, .doc, .docx
2025-12-03 02:08:05,025 - backend.main - INFO - ============================================================
2025-12-03 02:08:05,025 - backend.main - INFO - AI Interview Coach backend started successfully ✓
2025-12-03 02:08:14,937 - backend.main - INFO - Starting analysis for file:  Saakshi Makam_Resume.pdf
2025-12-03 02:08:14,939 - backend.main - INFO - Extracting text from file:  Saakshi Makam_Resume.pdf
2025-12-03 02:08:15,096 - backend.extractor - INFO - Extracted text from 1 PDF pages
2025-12-03 02:08:15,096 - backend.main - INFO - Successfully extracted 6394 characters from resume
2025-12-03 02:08:15,096 - backend.main - INFO - Extracting resume information...
2025-12-03 02:08:15,348 - backend.extractor - INFO - Successfully extracted information: 7 skills, 0.0 years experience
2025-12-03 02:08:15,348 - backend.main - INFO - Extracting job description requirements...
2025-12-03 02:08:15,348 - backend.main - INFO - Extracted skills - Resume: 7, Project: 4, Certification: 1
2025-12-03 02:08:15,398 - backend.extractor - INFO - Successfully extracted information: 4 skills, 0.0 years experience
2025-12-03 02:08:15,398 - backend.main - INFO - Extracted 4 skills from job description
2025-12-03 02:08:15,398 - backend.main - INFO - Calculating similarity metrics...
2025-12-03 02:08:15,398 - backend.similarity - INFO - Starting similarity calculation...
2025-12-03 02:08:15,398 - backend.similarity - INFO - Skill match: 3/4 (75.0%)
2025-12-03 02:08:15,913 - backend.similarity - INFO - Similarity calculation completed. Overall score: 76.13%
2025-12-03 02:08:15,914 - backend.main - INFO - Analysis completed successfully. Overall score: 76.13%
2025-12-03 02:09:55,203 - backend.main - INFO - Starting analysis for file: Resume-Sample-1-Software-Engineer.pdf
2025-12-03 02:09:55,204 - backend.main - INFO - Extracting text from file: Resume-Sample-1-Software-Engineer.pdf
2025-12-03 02:09:55,424 - backend.extractor - INFO - Extracted text from 1 PDF pages
2025-12-03 02:09:55,424 - backend.main - INFO - Successfully extracted 3108 characters from resume
2025-12-03 02:09:55,425 - backend.main - INFO - Extracting resume information...
2025-12-03 02:09:55,581 - backend.extractor - INFO - Successfully extracted information: 29 skills, 0.0 years experience
2025-12-03 02:09:55,581 - backend.main - INFO - Extracting job description requirements...
2025-12-03 02:09:55,582 - backend.main - INFO - Extracted skills - Resume: 29, Project: 9, Certification: 0
2025-12-03 02:09:55,633 - backend.extractor - INFO - Successfully extracted information: 33 skills, 0.0 years experience
2025-12-03 02:09:55,633 - backend.main - INFO - Extracted 33 skills from job description
2025-12-03 02:09:55,633 - backend.main - INFO - Calculating similarity metrics...
2025-12-03 02:09:55,633 - backend.similarity - INFO - Starting similarity calculation...
2025-12-03 02:09:55,633 - backend.similarity - INFO - Skill match: 17/30 (56.7%)
2025-12-03 02:09:55,917 - backend.similarity - INFO - Similarity calculation completed. Overall score: 63.45%
2025-12-03 02:09:55,920 - backend.main - INFO - Analysis completed successfully. Overall score: 63.45%
2025-12-03 02:13:34,172 - backend.main - INFO - Starting analysis for file: Resume-Sample-1-Software-Engineer.pdf
2025-12-03 02:13:34,175 - backend.main - INFO - Extracting text from file: Resume-Sample-1-Software-Engineer.pdf
2025-12-03 02:13:34,220 - backend.extractor - INFO - Extracted text from 1 PDF pages
2025-12-03 02:13:34,221 - backend.main - INFO - Successfully extracted 3108 characters from resume
2025-12-03 02:13:34,221 - backend.main - INFO - Extracting resume information...
2025-12-03 02:13:34,412 - backend.extractor - INFO - Successfully extracted information: 29 skills, 0.0 years experience
2025-12-03 02:13:34,412 - backend.main - INFO - Extracting job description requirements...
2025-12-03 02:13:34,412 - backend.main - INFO - Extracted skills - Resume: 29, Project: 9, Certification: 0
2025-12-03 02:13:34,458 - backend.extractor - INFO - Successfully extracted information: 33 skills, 0.0 years experience
2025-12-03 02:13:34,458 - backend.main - INFO - Extracted 33 skills from job description
2025-12-03 02:13:34,458 - backend.main - INFO - Calculating similarity metrics...
2025-12-03 02:13:34,458 - backend.similarity - INFO - Starting similarity calculation...
2025-12-03 02:13:34,458 - backend.similarity - INFO - Skill match: 17/30 (56.7%)
2025-12-03 02:13:34,833 - backend.similarity - INFO - Similarity calculation completed. Overall score: 63.45%
2025-12-03 02:13:34,837 - backend.main - INFO - Analysis completed successfully. Overall score: 63.45%
2025-12-03 02:19:52,641 - backend.main - INFO - Starting analysis for file: Resume-Sample-1-Software-Engineer.pdf
2025-12-03 02:19:52,643 - backend.main - INFO - Extracting text from file: Resume-Sample-1-Software-Engineer.pdf
2025-12-03 02:19:52,687 - backend.extractor - INFO - Extracted text from 1 PDF pages
2025-12-03 02:19:52,688 - backend.main - INFO - Successfully extracted 3108 characters from resume
2025-12-03 02:19:52,688 - backend.main - INFO - Extracting resume information...
2025-12-03 02:19:52,865 - backend.extractor - INFO - Successfully extracted information: 29 skills, 0.0 years experience
2025-12-03 02:19:52,866 - backend.main - INFO - Extracting job description requirements...
2025-12-03 02:19:52,866 - backend.main - INFO - Extracted skills - Resume: 29, Project: 9, Certification: 0
2025-12-03 02:19:52,912 - backend.extractor - INFO - Successfully extracted information: 33 skills, 0.0 years experience
2025-12-03 02:19:52,912 - backend.main - INFO - Extracted 33 skills from job description
2025-12-03 02:19:52,912 - backend.main - INFO - Calculating similarity metrics...
2025-12-03 02:19:52,912 - backend.similarity - INFO - Starting similarity calculation...
2025-12-03 02:19:52,912 - backend.similarity - INFO - Skill match: 17/30 (56.7%)
2025-12-03 02:19:53,234 - backend.similarity - INFO - Similarity calculation completed. Overall score: 63.45%
2025-12-03 02:19:53,235 - backend.main - INFO - Analysis completed successfully. Overall score: 63.45%
2025-12-03 02:23:39,364 - backend.main - INFO - Starting analysis for file: Resume-Sample-1-Software-Engineer.pdf
2025-12-03 02:23:39,366 - backend.main - INFO - Extracting text from file: Resume-Sample-1-Software-Engineer.pdf
2025-12-03 02:23:39,409 - backend.extractor - INFO - Extracted text from 1 PDF pages
2025-12-03 02:23:39,409 - backend.main - INFO - Successfully extracted 3108 characters from resume
2025-12-03 02:23:39,410 - backend.main - INFO - Extracting resume information...
2025-12-03 02:23:39,578 - backend.extractor - INFO - Successfully extracted information: 29 skills, 0.0 years experience
2025-12-03 02:23:39,578 - backend.main - INFO - Extracting job description requirements...
2025-12-03 02:23:39,578 - backend.main - INFO - Extracted skills - Resume: 29, Project: 9, Certification: 0
2025-12-03 02:23:39,625 - backend.extractor - INFO - Successfully extracted information: 33 skills, 0.0 years experience
2025-12-03 02:23:39,625 - backend.main - INFO - Extracted 33 skills from job description
2025-12-03 02:23:39,625 - backend.main - INFO - Calculating similarity metrics...
2025-12-03 02:23:39,625 - backend.similarity - INFO - Starting similarity calculation...
2025-12-03 02:23:39,625 - backend.similarity - INFO - Skill match: 17/30 (56.7%)
2025-12-03 02:23:39,950 - backend.similarity - INFO - Similarity calculation completed. Overall score: 63.45%
2025-12-03 02:23:39,952 - backend.main - INFO - Analysis completed successfully. Overall score: 63.45%
2025-12-03 02:23:42,651 - backend.main - INFO - Starting analysis for file: Resume-Sample-1-Software-Engineer.pdf
2025-12-03 02:23:42,653 - backend.main - INFO - Extracting text from file: Resume-Sample-1-Software-Engineer.pdf
2025-12-03 02:23:42,688 - backend.extractor - INFO - Extracted text from 1 PDF pages
2025-12-03 02:23:42,688 - backend.main - INFO - Successfully extracted 3108 characters from resume
2025-12-03 02:23:42,688 - backend.main - INFO - Extracting resume information...
2025-12-03 02:23:42,847 - backend.extractor - INFO - Successfully extracted information: 29 skills, 0.0 years experience
2025-12-03 02:23:42,847 - backend.main - INFO - Extracting job description requirements...
2025-12-03 02:23:42,847 - backend.main - INFO - Extracted skills - Resume: 29, Project: 9, Certification: 0
2025-12-03 02:23:42,894 - backend.extractor - INFO - Successfully extracted information: 33 skills, 0.0 years experience
2025-12-03 02:23:42,894 - backend.main - INFO - Extracted 33 skills from job description
2025-12-03 02:23:42,894 - backend.main - INFO - Calculating similarity metrics...
2025-12-03 02:23:42,894 - backend.similarity - INFO - Starting similarity calculation...
2025-12-03 02:23:42,894 - backend.similarity - INFO - Skill match: 17/30 (56.7%)
2025-12-03 02:23:43,021 - backend.similarity - INFO - Similarity calculation completed. Overall score: 63.45%
2025-12-03 02:23:43,022 - backend.main - INFO - Analysis completed successfully. Overall score: 63.45%
2025-12-03 02:25:58,894 - backend.main - INFO - Starting analysis for file: Resume-Sample-1-Software-Engineer.pdf
2025-12-03 02:25:58,896 - backend.main - INFO - Extracting text from file: Resume-Sample-1-Software-Engineer.pdf
2025-12-03 02:25:58,943 - backend.extractor - INFO - Extracted text from 1 PDF pages
2025-12-03 02:25:58,943 - backend.main - INFO - Successfully extracted 3108 characters from resume
2025-12-03 02:25:58,943 - backend.main - INFO - Extracting resume information...
2025-12-03 02:25:59,089 - backend.extractor - INFO - Successfully extracted information: 29 skills, 0.0 years experience
2025-12-03 02:25:59,089 - backend.main - INFO - Extracting job description requirements...
2025-12-03 02:25:59,089 - backend.main - INFO - Extracted skills - Resume: 29, Project: 9, Certification: 0
2025-12-03 02:25:59,135 - backend.extractor - INFO - Successfully extracted information: 33 skills, 0.0 years experience
2025-12-03 02:25:59,135 - backend.main - INFO - Extracted 33 skills from job description
2025-12-03 02:25:59,135 - backend.main - INFO - Calculating similarity metrics...
2025-12-03 02:25:59,136 - backend.similarity - INFO - Starting similarity calculation...
2025-12-03 02:25:59,136 - backend.similarity - INFO - Skill match: 17/30 (56.7%)
2025-12-03 02:25:59,413 - backend.similarity - INFO - Similarity calculation completed. Overall score: 63.45%
2025-12-03 02:25:59,414 - backend.main - INFO - Analysis completed successfully. Overall score: 63.45%
2025-12-03 02:26:00,422 - backend.main - INFO - Starting analysis for file: Resume-Sample-1-Software-Engineer.pdf
2025-12-03 02:26:00,423 - backend.main - INFO - Extracting text from file: Resume-Sample-1-Software-Engineer.pdf
2025-12-03 02:26:00,465 - backend.extractor - INFO - Extracted text from 1 PDF pages
2025-12-03 02:26:00,465 - backend.main - INFO - Successfully extracted 3108 characters from resume
2025-12-03 02:26:00,465 - backend.main - INFO - Extracting resume information...
2025-12-03 02:26:00,622 - backend.extractor - INFO - Successfully extracted information: 29 skills, 0.0 years experience
2025-12-03 02:26:00,622 - backend.main - INFO - Extracting job description requirements...
2025-12-03 02:26:00,623 - backend.main - INFO - Extracted skills - Resume: 29, Project: 9, Certification: 0
2025-12-03 02:26:00,669 - backend.extractor - INFO - Successfully extracted information: 33 skills, 0.0 years experience
2025-12-03 02:26:00,669 - backend.main - INFO - Extracted 33 skills from job description
2025-12-03 02:26:00,669 - backend.main - INFO - Calculating similarity metrics...
2025-12-03 02:26:00,670 - backend.similarity - INFO - Starting similarity calculation...
2025-12-03 02:26:00,670 - backend.similarity - INFO - Skill match: 17/30 (56.7%)
2025-12-03 02:26:00,725 - backend.similarity - INFO - Similarity calculation completed. Overall score: 63.45%
2025-12-03 02:26:00,725 - backend.main - INFO - Analysis completed successfully. Overall score: 63.45%
2025-12-03 02:26:01,034 - backend.main - INFO - Starting analysis for file: Resume-Sample-1-Software-Engineer.pdf
2025-12-03 02:26:01,034 - backend.main - INFO - Extracting text from file: Resume-Sample-1-Software-Engineer.pdf
2025-12-03 02:26:01,083 - backend.extractor - INFO - Extracted text from 1 PDF pages
2025-12-03 02:26:01,083 - backend.main - INFO - Successfully extracted 3108 characters from resume
2025-12-03 02:26:01,083 - backend.main - INFO - Extracting resume information...
2025-12-03 02:26:01,223 - backend.extractor - INFO - Successfully extracted information: 29 skills, 0.0 years experience
2025-12-03 02:26:01,223 - backend.main - INFO - Extracting job description requirements...
2025-12-03 02:26:01,223 - backend.main - INFO - Extracted skills - Resume: 29, Project: 9, Certification: 0
2025-12-03 02:26:01,270 - backend.extractor - INFO - Successfully extracted information: 33 skills, 0.0 years experience
2025-12-03 02:26:01,270 - backend.main - INFO - Extracted 33 skills from job description
2025-12-03 02:26:01,270 - backend.main - INFO - Calculating similarity metrics...
2025-12-03 02:26:01,270 - backend.similarity - INFO - Starting similarity calculation...
2025-12-03 02:26:01,270 - backend.similarity - INFO - Skill match: 17/30 (56.7%)
2025-12-03 02:26:01,305 - backend.similarity - INFO - Similarity calculation completed. Overall score: 63.45%
2025-12-03 02:26:01,305 - backend.main - INFO - Analysis completed successfully. Overall score: 63.45%
2025-12-03 02:26:01,306 - backend.main - INFO - Starting analysis for file: Resume-Sample-1-Software-Engineer.pdf
2025-12-03 02:26:01,306 - backend.main - INFO - Extracting text from file: Resume-Sample-1-Software-Engineer.pdf
2025-12-03 02:26:01,324 - backend.extractor - INFO - Extracted text from 1 PDF pages
2025-12-03 02:26:01,324 - backend.main - INFO - Successfully extracted 3108 characters from resume
2025-12-03 02:26:01,324 - backend.main - INFO - Extracting resume information...
2025-12-03 02:26:01,459 - backend.extractor - INFO - Successfully extracted information: 29 skills, 0.0 years experience
2025-12-03 02:26:01,459 - backend.main - INFO - Extracting job description requirements...
2025-12-03 02:26:01,459 - backend.main - INFO - Extracted skills - Resume: 29, Project: 9, Certification: 0
2025-12-03 02:26:01,507 - backend.extractor - INFO - Successfully extracted information: 33 skills, 0.0 years experience
2025-12-03 02:26:01,507 - backend.main - INFO - Extracted 33 skills from job description
2025-12-03 02:26:01,507 - backend.main - INFO - Calculating similarity metrics...
2025-12-03 02:26:01,507 - backend.similarity - INFO - Starting similarity calculation...
2025-12-03 02:26:01,507 - backend.similarity - INFO - Skill match: 17/30 (56.7%)
2025-12-03 02:26:01,540 - backend.similarity - INFO - Similarity calculation completed. Overall score: 63.45%
2025-12-03 02:26:01,540 - backend.main - INFO - Analysis completed successfully. Overall score: 63.45%
2025-12-03 02:26:01,541 - backend.main - INFO - Starting analysis for file: Resume-Sample-1-Software-Engineer.pdf
2025-12-03 02:26:01,541 - backend.main - INFO - Extracting text from file: Resume-Sample-1-Software-Engineer.pdf
2025-12-03 02:26:01,837 - backend.extractor - INFO - Extracted text from 1 PDF pages
2025-12-03 02:26:01,837 - backend.main - INFO - Successfully extracted 3108 characters from resume
2025-12-03 02:26:01,837 - backend.main - INFO - Extracting resume information...
2025-12-03 02:26:01,970 - backend.extractor - INFO - Successfully extracted information: 29 skills, 0.0 years experience
2025-12-03 02:26:01,970 - backend.main - INFO - Extracting job description requirements...
2025-12-03 02:26:01,971 - backend.main - INFO - Extracted skills - Resume: 29, Project: 9, Certification: 0
2025-12-03 02:26:02,019 - backend.extractor - INFO - Successfully extracted information: 33 skills, 0.0 years experience
2025-12-03 02:26:02,019 - backend.main - INFO - Extracted 33 skills from job description
2025-12-03 02:26:02,019 - backend.main - INFO - Calculating similarity metrics...
2025-12-03 02:26:02,019 - backend.similarity - INFO - Starting similarity calculation...
2025-12-03 02:26:02,019 - backend.similarity - INFO - Skill match: 17/30 (56.7%)
2025-12-03 02:26:02,054 - backend.similarity - INFO - Similarity calculation completed. Overall score: 63.45%
2025-12-03 02:26:02,054 - backend.main - INFO - Analysis completed successfully. Overall score: 63.45%
2025-12-03 02:26:02,055 - backend.main - INFO - Starting analysis for file: Resume-Sample-1-Software-Engineer.pdf
2025-12-03 02:26:02,055 - backend.main - INFO - Extracting text from file: Resume-Sample-1-Software-Engineer.pdf
2025-12-03 02:26:02,074 - backend.extractor - INFO - Extracted text from 1 PDF pages
2025-12-03 02:26:02,074 - backend.main - INFO - Successfully extracted 3108 characters from resume
2025-12-03 02:26:02,074 - backend.main - INFO - Extracting resume information...
2025-12-03 02:26:02,205 - backend.extractor - INFO - Successfully extracted information: 29 skills, 0.0 years experience
2025-12-03 02:26:02,205 - backend.main - INFO - Extracting job description requirements...
2025-12-03 02:26:02,205 - backend.main - INFO - Extracted skills - Resume: 29, Project: 9, Certification: 0
2025-12-03 02:26:02,250 - backend.extractor - INFO - Successfully extracted information: 33 skills, 0.0 years experience
2025-12-03 02:26:02,250 - backend.main - INFO - Extracted 33 skills from job description
2025-12-03 02:26:02,250 - backend.main - INFO - Calculating similarity metrics...
2025-12-03 02:26:02,250 - backend.similarity - INFO - Starting similarity calculation...
2025-12-03 02:26:02,250 - backend.similarity - INFO - Skill match: 17/30 (56.7%)
2025-12-03 02:26:02,286 - backend.similarity - INFO - Similarity calculation completed. Overall score: 63.45%
2025-12-03 02:26:02,286 - backend.main - INFO - Analysis completed successfully. Overall score: 63.45%
2025-12-03 02:26:02,287 - backend.main - INFO - Starting analysis for file: Resume-Sample-1-Software-Engineer.pdf
2025-12-03 02:26:02,287 - backend.main - INFO - Extracting text from file: Resume-Sample-1-Software-Engineer.pdf
2025-12-03 02:26:02,304 - backend.extractor - INFO - Extracted text from 1 PDF pages
2025-12-03 02:26:02,304 - backend.main - INFO - Successfully extracted 3108 characters from resume
2025-12-03 02:26:02,304 - backend.main - INFO - Extracting resume information...
2025-12-03 02:26:02,433 - backend.extractor - INFO - Successfully extracted information: 29 skills, 0.0 years experience
2025-12-03 02:26:02,433 - backend.main - INFO - Extracting job description requirements...
2025-12-03 02:26:02,433 - backend.main - INFO - Extracted skills - Resume: 29, Project: 9, Certification: 0
2025-12-03 02:26:02,480 - backend.extractor - INFO - Successfully extracted information: 33 skills, 0.0 years experience
2025-12-03 02:26:02,480 - backend.main - INFO - Extracted 33 skills from job description
2025-12-03 02:26:02,480 - backend.main - INFO - Calculating similarity metrics...
2025-12-03 02:26:02,480 - backend.similarity - INFO - Starting similarity calculation...
2025-12-03 02:26:02,480 - backend.similarity - INFO - Skill match: 17/30 (56.7%)
2025-12-03 02:26:02,516 - backend.similarity - INFO - Similarity calculation completed. Overall score: 63.45%
2025-12-03 02:26:02,516 - backend.main - INFO - Analysis completed successfully. Overall score: 63.45%
2025-12-03 02:26:02,517 - backend.main - INFO - Starting analysis for file: Resume-Sample-1-Software-Engineer.pdf
2025-12-03 02:26:02,517 - backend.main - INFO - Extracting text from file: Resume-Sample-1-Software-Engineer.pdf
2025-12-03 02:26:02,534 - backend.extractor - INFO - Extracted text from 1 PDF pages
2025-12-03 02:26:02,534 - backend.main - INFO - Successfully extracted 3108 characters from resume
2025-12-03 02:26:02,534 - backend.main - INFO - Extracting resume information...
2025-12-03 02:26:02,664 - backend.extractor - INFO - Successfully extracted information: 29 skills, 0.0 years experience
2025-12-03 02:26:02,664 - backend.main - INFO - Extracting job description requirements...
2025-12-03 02:26:02,664 - backend.main - INFO - Extracted skills - Resume: 29, Project: 9, Certification: 0
2025-12-03 02:26:02,709 - backend.extractor - INFO - Successfully extracted information: 33 skills, 0.0 years experience
2025-12-03 02:26:02,709 - backend.main - INFO - Extracted 33 skills from job description
2025-12-03 02:26:02,709 - backend.main - INFO - Calculating similarity metrics...
2025-12-03 02:26:02,709 - backend.similarity - INFO - Starting similarity calculation...
2025-12-03 02:26:02,709 - backend.similarity - INFO - Skill match: 17/30 (56.7%)
2025-12-03 02:26:02,739 - backend.similarity - INFO - Similarity calculation completed. Overall score: 63.45%
2025-12-03 02:26:02,739 - backend.main - INFO - Analysis completed successfully. Overall score: 63.45%
2025-12-03 02:26:02,740 - backend.main - INFO - Starting analysis for file: Resume-Sample-1-Software-Engineer.pdf
2025-12-03 02:26:02,740 - backend.main - INFO - Extracting text from file: Resume-Sample-1-Software-Engineer.pdf
2025-12-03 02:26:02,757 - backend.extractor - INFO - Extracted text from 1 PDF pages
2025-12-03 02:26:02,757 - backend.main - INFO - Successfully extracted 3108 characters from resume
2025-12-03 02:26:02,757 - backend.main - INFO - Extracting resume information...
2025-12-03 02:26:02,886 - backend.extractor - INFO - Successfully extracted information: 29 skills, 0.0 years experience
2025-12-03 02:26:02,886 - backend.main - INFO - Extracting job description requirements...
2025-12-03 02:26:02,887 - backend.main - INFO - Extracted skills - Resume: 29, Project: 9, Certification: 0
2025-12-03 02:26:02,932 - backend.extractor - INFO - Successfully extracted information: 33 skills, 0.0 years experience
2025-12-03 02:26:02,932 - backend.main - INFO - Extracted 33 skills from job description
2025-12-03 02:26:02,932 - backend.main - INFO - Calculating similarity metrics...
2025-12-03 02:26:02,932 - backend.similarity - INFO - Starting similarity calculation...
2025-12-03 02:26:02,932 - backend.similarity - INFO - Skill match: 17/30 (56.7%)
2025-12-03 02:26:02,967 - backend.similarity - INFO - Similarity calculation completed. Overall score: 63.45%
2025-12-03 02:26:02,967 - backend.main - INFO - Analysis completed successfully. Overall score: 63.45%
2025-12-03 02:26:31,686 - backend.main - INFO - ============================================================
2025-12-03 02:26:31,687 - backend.main - INFO - AI Interview Coach Backend Shutting Down...
2025-12-03 02:26:31,687 - backend.main - INFO - Backend shutdown complete ✓
2025-12-03 02:26:31,687 - backend.main - INFO - ============================================================
2025-12-03 02:26:43,160 - backend.main - INFO - ============================================================
2025-12-03 02:26:43,161 - backend.main - INFO - AI Interview Coach Backend Starting...
2025-12-03 02:26:43,161 - backend.main - INFO - Version: 2.0.0
2025-12-03 02:26:43,161 - backend.main - INFO - Python Version: 3.12.7 | packaged by Anaconda, Inc. | (main, Oct  4 2024, 08:22:19) [Clang 14.0.6 ]
2025-12-03 02:26:43,161 - backend.main - INFO - Max File Size: 10.0 MB
2025-12-03 02:26:43,161 - backend.main - INFO - Allowed Extensions: .pdf, .doc, .txt, .docx
2025-12-03 02:26:43,161 - backend.main - INFO - ============================================================
2025-12-03 02:26:43,161 - backend.main - INFO - AI Interview Coach backend started successfully ✓
2025-12-03 02:26:59,314 - backend.main - INFO - Starting analysis for file: Resume-Sample-1-Software-Engineer.pdf
2025-12-03 02:26:59,315 - backend.main - INFO - Extracting text from file: Resume-Sample-1-Software-Engineer.pdf
2025-12-03 02:26:59,457 - backend.extractor - INFO - Extracted text from 1 PDF pages
2025-12-03 02:26:59,458 - backend.main - INFO - Successfully extracted 3108 characters from resume
2025-12-03 02:26:59,458 - backend.main - INFO - Extracting resume information...
2025-12-03 02:26:59,653 - backend.extractor - INFO - Successfully extracted information: 29 skills, 0.0 years experience
2025-12-03 02:26:59,653 - backend.main - INFO - Extracting job description requirements...
2025-12-03 02:26:59,653 - backend.main - INFO - Extracted skills - Resume: 29, Project: 9, Certification: 0
2025-12-03 02:26:59,710 - backend.extractor - INFO - Successfully extracted information: 33 skills, 0.0 years experience
2025-12-03 02:26:59,710 - backend.main - INFO - Extracted 33 skills from job description
2025-12-03 02:26:59,710 - backend.main - INFO - Calculating similarity metrics...
2025-12-03 02:26:59,710 - backend.similarity - INFO - Starting similarity calculation...
2025-12-03 02:26:59,710 - backend.similarity - INFO - Skill match: 17/30 (56.7%)
2025-12-03 02:27:00,296 - backend.similarity - INFO - Similarity calculation completed. Overall score: 63.45%
2025-12-03 02:27:00,304 - backend.main - INFO - Analysis completed successfully. Overall score: 63.45%
2025-12-03 02:29:54,135 - backend.main - INFO - Starting analysis for file: Resume-Sample-1-Software-Engineer.pdf
2025-12-03 02:29:54,137 - backend.main - INFO - Extracting text from file: Resume-Sample-1-Software-Engineer.pdf
2025-12-03 02:29:54,179 - backend.extractor - INFO - Extracted text from 1 PDF pages
2025-12-03 02:29:54,179 - backend.main - INFO - Successfully extracted 3108 characters from resume
2025-12-03 02:29:54,179 - backend.main - INFO - Extracting resume information...
2025-12-03 02:29:54,355 - backend.extractor - INFO - Successfully extracted information: 29 skills, 0.0 years experience
2025-12-03 02:29:54,355 - backend.main - INFO - Extracting job description requirements...
2025-12-03 02:29:54,355 - backend.main - INFO - Extracted skills - Resume: 29, Project: 9, Certification: 0
2025-12-03 02:29:54,402 - backend.extractor - INFO - Successfully extracted information: 33 skills, 0.0 years experience
2025-12-03 02:29:54,402 - backend.main - INFO - Extracted 33 skills from job description
2025-12-03 02:29:54,402 - backend.main - INFO - Calculating similarity metrics...
2025-12-03 02:29:54,402 - backend.similarity - INFO - Starting similarity calculation...
2025-12-03 02:29:54,402 - backend.similarity - INFO - Skill match: 17/30 (56.7%)
2025-12-03 02:29:54,738 - backend.similarity - INFO - Similarity calculation completed. Overall score: 63.45%
2025-12-03 02:29:54,745 - backend.main - INFO - Analysis completed successfully. Overall score: 63.45%
2025-12-03 02:29:54,914 - backend.main - INFO - Starting analysis for file: Resume-Sample-1-Software-Engineer.pdf
2025-12-03 02:29:54,915 - backend.main - INFO - Extracting text from file: Resume-Sample-1-Software-Engineer.pdf
2025-12-03 02:29:54,934 - backend.extractor - INFO - Extracted text from 1 PDF pages
2025-12-03 02:29:54,935 - backend.main - INFO - Successfully extracted 3108 characters from resume
2025-12-03 02:29:54,935 - backend.main - INFO - Extracting resume information...
2025-12-03 02:29:55,077 - backend.extractor - INFO - Successfully extracted information: 29 skills, 0.0 years experience
2025-12-03 02:29:55,078 - backend.main - INFO - Extracting job description requirements...
2025-12-03 02:29:55,078 - backend.main - INFO - Extracted skills - Resume: 29, Project: 9, Certification: 0
2025-12-03 02:29:55,124 - backend.extractor - INFO - Successfully extracted information: 33 skills, 0.0 years experience
2025-12-03 02:29:55,124 - backend.main - INFO - Extracted 33 skills from job description
2025-12-03 02:29:55,124 - backend.main - INFO - Calculating similarity metrics...
2025-12-03 02:29:55,124 - backend.similarity - INFO - Starting similarity calculation...
2025-12-03 02:29:55,124 - backend.similarity - INFO - Skill match: 17/30 (56.7%)
2025-12-03 02:29:55,156 - backend.similarity - INFO - Similarity calculation completed. Overall score: 63.45%
2025-12-03 02:29:55,156 - backend.main - INFO - Analysis completed successfully. Overall score: 63.45%
2025-12-03 02:47:52,432 - backend.main - INFO - Starting analysis for file: Resume-Sample-1-Software-Engineer.pdf
2025-12-03 02:47:52,435 - backend.main - INFO - Extracting text from file: Resume-Sample-1-Software-Engineer.pdf
2025-12-03 02:47:52,650 - backend.extractor - INFO - Extracted text from 1 PDF pages
2025-12-03 02:47:52,651 - backend.main - INFO - Successfully extracted 3108 characters from resume
2025-12-03 02:47:52,651 - backend.main - INFO - Extracting resume information...
2025-12-03 02:47:52,816 - backend.extractor - INFO - Successfully extracted information: 29 skills, 0.0 years experience
2025-12-03 02:47:52,816 - backend.main - INFO - Extracting job description requirements...
2025-12-03 02:47:52,817 - backend.main - INFO - Extracted skills - Resume: 29, Project: 9, Certification: 0
2025-12-03 02:47:52,865 - backend.extractor - INFO - Successfully extracted information: 33 skills, 0.0 years experience
2025-12-03 02:47:52,865 - backend.main - INFO - Extracted 33 skills from job description
2025-12-03 02:47:52,865 - backend.main - INFO - Calculating similarity metrics...
2025-12-03 02:47:52,865 - backend.similarity - INFO - Starting similarity calculation...
2025-12-03 02:47:52,865 - backend.similarity - INFO - Skill match: 17/30 (56.7%)
2025-12-03 02:47:53,192 - backend.similarity - INFO - Similarity calculation completed. Overall score: 63.45%
2025-12-03 02:47:53,197 - backend.main - INFO - Analysis completed successfully. Overall score: 63.45%
2025-12-03 02:48:09,640 - backend.main - INFO - Starting analysis for file: Resume-Sample-1-Software-Engineer.pdf
2025-12-03 02:48:09,641 - backend.main - INFO - Extracting text from file: Resume-Sample-1-Software-Engineer.pdf
2025-12-03 02:48:09,690 - backend.extractor - INFO - Extracted text from 1 PDF pages
2025-12-03 02:48:09,691 - backend.main - INFO - Successfully extracted 3108 characters from resume
2025-12-03 02:48:09,691 - backend.main - INFO - Extracting resume information...
2025-12-03 02:48:09,846 - backend.extractor - INFO - Successfully extracted information: 29 skills, 0.0 years experience
2025-12-03 02:48:09,846 - backend.main - INFO - Extracting job description requirements...
2025-12-03 02:48:09,846 - backend.main - INFO - Extracted skills - Resume: 29, Project: 9, Certification: 0
2025-12-03 02:48:09,893 - backend.extractor - INFO - Successfully extracted information: 33 skills, 0.0 years experience
2025-12-03 02:48:09,893 - backend.main - INFO - Extracted 33 skills from job description
2025-12-03 02:48:09,893 - backend.main - INFO - Calculating similarity metrics...
2025-12-03 02:48:09,893 - backend.similarity - INFO - Starting similarity calculation...
2025-12-03 02:48:09,893 - backend.similarity - INFO - Skill match: 17/30 (56.7%)
2025-12-03 02:48:10,073 - backend.similarity - INFO - Similarity calculation completed. Overall score: 63.45%
2025-12-03 02:48:10,073 - backend.main - INFO - Analysis completed successfully. Overall score: 63.45%
2025-12-03 02:48:10,076 - backend.main - INFO - Starting analysis for file: Resume-Sample-1-Software-Engineer.pdf
2025-12-03 02:48:10,076 - backend.main - INFO - Extracting text from file: Resume-Sample-1-Software-Engineer.pdf
2025-12-03 02:48:10,095 - backend.extractor - INFO - Extracted text from 1 PDF pages
2025-12-03 02:48:10,095 - backend.main - INFO - Successfully extracted 3108 characters from resume
2025-12-03 02:48:10,095 - backend.main - INFO - Extracting resume information...
2025-12-03 02:48:10,226 - backend.extractor - INFO - Successfully extracted information: 29 skills, 0.0 years experience
2025-12-03 02:48:10,226 - backend.main - INFO - Extracting job description requirements...
2025-12-03 02:48:10,226 - backend.main - INFO - Extracted skills - Resume: 29, Project: 9, Certification: 0
2025-12-03 02:48:10,272 - backend.extractor - INFO - Successfully extracted information: 33 skills, 0.0 years experience
2025-12-03 02:48:10,272 - backend.main - INFO - Extracted 33 skills from job description
2025-12-03 02:48:10,272 - backend.main - INFO - Calculating similarity metrics...
2025-12-03 02:48:10,272 - backend.similarity - INFO - Starting similarity calculation...
2025-12-03 02:48:10,272 - backend.similarity - INFO - Skill match: 17/30 (56.7%)
2025-12-03 02:48:10,305 - backend.similarity - INFO - Similarity calculation completed. Overall score: 63.45%
2025-12-03 02:48:10,305 - backend.main - INFO - Analysis completed successfully. Overall score: 63.45%
2025-12-03 02:48:10,306 - backend.main - INFO - Starting analysis for file: Resume-Sample-1-Software-Engineer.pdf
2025-12-03 02:48:10,306 - backend.main - INFO - Extracting text from file: Resume-Sample-1-Software-Engineer.pdf
2025-12-03 02:48:10,323 - backend.extractor - INFO - Extracted text from 1 PDF pages
2025-12-03 02:48:10,323 - backend.main - INFO - Successfully extracted 3108 characters from resume
2025-12-03 02:48:10,323 - backend.main - INFO - Extracting resume information...
2025-12-03 02:48:10,453 - backend.extractor - INFO - Successfully extracted information: 29 skills, 0.0 years experience
2025-12-03 02:48:10,453 - backend.main - INFO - Extracting job description requirements...
2025-12-03 02:48:10,453 - backend.main - INFO - Extracted skills - Resume: 29, Project: 9, Certification: 0
2025-12-03 02:48:10,499 - backend.extractor - INFO - Successfully extracted information: 33 skills, 0.0 years experience
2025-12-03 02:48:10,499 - backend.main - INFO - Extracted 33 skills from job description
2025-12-03 02:48:10,499 - backend.main - INFO - Calculating similarity metrics...
2025-12-03 02:48:10,499 - backend.similarity - INFO - Starting similarity calculation...
2025-12-03 02:48:10,499 - backend.similarity - INFO - Skill match: 17/30 (56.7%)
2025-12-03 02:48:10,534 - backend.similarity - INFO - Similarity calculation completed. Overall score: 63.45%
2025-12-03 02:48:10,534 - backend.main - INFO - Analysis completed successfully. Overall score: 63.45%
2025-12-03 02:48:10,535 - backend.main - INFO - Starting analysis for file: Resume-Sample-1-Software-Engineer.pdf
2025-12-03 02:48:10,535 - backend.main - INFO - Extracting text from file: Resume-Sample-1-Software-Engineer.pdf
2025-12-03 02:48:10,553 - backend.extractor - INFO - Extracted text from 1 PDF pages
2025-12-03 02:48:10,553 - backend.main - INFO - Successfully extracted 3108 characters from resume
2025-12-03 02:48:10,553 - backend.main - INFO - Extracting resume information...
2025-12-03 02:48:10,695 - backend.extractor - INFO - Successfully extracted information: 29 skills, 0.0 years experience
2025-12-03 02:48:10,695 - backend.main - INFO - Extracting job description requirements...
2025-12-03 02:48:10,695 - backend.main - INFO - Extracted skills - Resume: 29, Project: 9, Certification: 0
2025-12-03 02:48:10,742 - backend.extractor - INFO - Successfully extracted information: 33 skills, 0.0 years experience
2025-12-03 02:48:10,742 - backend.main - INFO - Extracted 33 skills from job description
2025-12-03 02:48:10,742 - backend.main - INFO - Calculating similarity metrics...
2025-12-03 02:48:10,742 - backend.similarity - INFO - Starting similarity calculation...
2025-12-03 02:48:10,742 - backend.similarity - INFO - Skill match: 17/30 (56.7%)
2025-12-03 02:48:10,771 - backend.similarity - INFO - Similarity calculation completed. Overall score: 63.45%
2025-12-03 02:48:10,771 - backend.main - INFO - Analysis completed successfully. Overall score: 63.45%
2025-12-03 02:48:20,340 - backend.main - INFO - Starting analysis for file: Resume-Sample-1-Software-Engineer.pdf
2025-12-03 02:48:20,342 - backend.main - INFO - Extracting text from file: Resume-Sample-1-Software-Engineer.pdf
2025-12-03 02:48:20,391 - backend.extractor - INFO - Extracted text from 1 PDF pages
2025-12-03 02:48:20,391 - backend.main - INFO - Successfully extracted 3108 characters from resume
2025-12-03 02:48:20,391 - backend.main - INFO - Extracting resume information...
2025-12-03 02:48:20,537 - backend.extractor - INFO - Successfully extracted information: 29 skills, 0.0 years experience
2025-12-03 02:48:20,537 - backend.main - INFO - Extracting job description requirements...
2025-12-03 02:48:20,537 - backend.main - INFO - Extracted skills - Resume: 29, Project: 9, Certification: 0
2025-12-03 02:48:20,584 - backend.extractor - INFO - Successfully extracted information: 33 skills, 0.0 years experience
2025-12-03 02:48:20,584 - backend.main - INFO - Extracted 33 skills from job description
2025-12-03 02:48:20,584 - backend.main - INFO - Calculating similarity metrics...
2025-12-03 02:48:20,584 - backend.similarity - INFO - Starting similarity calculation...
2025-12-03 02:48:20,584 - backend.similarity - INFO - Skill match: 17/30 (56.7%)
2025-12-03 02:48:20,721 - backend.similarity - INFO - Similarity calculation completed. Overall score: 63.45%
2025-12-03 02:48:20,721 - backend.main - INFO - Analysis completed successfully. Overall score: 63.45%
2025-12-03 02:53:31,905 - backend.main - INFO - Starting analysis for file: Resume-Sample-1-Software-Engineer.pdf
2025-12-03 02:53:31,909 - backend.main - INFO - Extracting text from file: Resume-Sample-1-Software-Engineer.pdf
2025-12-03 02:53:31,951 - backend.extractor - INFO - Extracted text from 1 PDF pages
2025-12-03 02:53:31,951 - backend.main - INFO - Successfully extracted 3108 characters from resume
2025-12-03 02:53:31,951 - backend.main - INFO - Extracting resume information...
2025-12-03 02:53:32,126 - backend.extractor - INFO - Successfully extracted information: 29 skills, 0.0 years experience
2025-12-03 02:53:32,126 - backend.main - INFO - Extracting job description requirements...
2025-12-03 02:53:32,126 - backend.main - INFO - Extracted skills - Resume: 29, Project: 9, Certification: 0
2025-12-03 02:53:32,174 - backend.extractor - INFO - Successfully extracted information: 33 skills, 0.0 years experience
2025-12-03 02:53:32,174 - backend.main - INFO - Extracted 33 skills from job description
2025-12-03 02:53:32,174 - backend.main - INFO - Calculating similarity metrics...
2025-12-03 02:53:32,174 - backend.similarity - INFO - Starting similarity calculation...
2025-12-03 02:53:32,174 - backend.similarity - INFO - Skill match: 17/30 (56.7%)
2025-12-03 02:53:32,540 - backend.similarity - INFO - Similarity calculation completed. Overall score: 63.45%
2025-12-03 02:53:32,542 - backend.main - INFO - Analysis completed successfully. Overall score: 63.45%
2025-12-03 12:27:02,038 - backend.main - INFO - Starting analysis for file: Resume-Sample-1-Software-Engineer.pdf
2025-12-03 12:27:02,040 - backend.main - INFO - Extracting text from file: Resume-Sample-1-Software-Engineer.pdf
2025-12-03 12:27:02,084 - backend.extractor - INFO - Extracted text from 1 PDF pages
2025-12-03 12:27:02,085 - backend.main - INFO - Successfully extracted 3108 characters from resume
2025-12-03 12:27:02,085 - backend.main - INFO - Extracting resume information...
2025-12-03 12:27:02,267 - backend.extractor - INFO - Successfully extracted information: 29 skills, 0.0 years experience
2025-12-03 12:27:02,267 - backend.main - INFO - Extracting job description requirements...
2025-12-03 12:27:02,267 - backend.main - INFO - Extracted skills - Resume: 29, Project: 9, Certification: 0
2025-12-03 12:27:02,313 - backend.extractor - INFO - Successfully extracted information: 33 skills, 0.0 years experience
2025-12-03 12:27:02,313 - backend.main - INFO - Extracted 33 skills from job description
2025-12-03 12:27:02,313 - backend.main - INFO - Calculating similarity metrics...
2025-12-03 12:27:02,313 - backend.similarity - INFO - Starting similarity calculation...
2025-12-03 12:27:02,313 - backend.similarity - INFO - Skill match: 17/30 (56.7%)
2025-12-03 12:27:02,599 - backend.similarity - INFO - Similarity calculation completed. Overall score: 63.45%
2025-12-03 12:27:02,601 - backend.main - INFO - Analysis completed successfully. Overall score: 63.45%
2025-12-03 12:36:37,201 - backend.main - INFO - ============================================================
2025-12-03 12:36:37,202 - backend.main - INFO - AI Interview Coach Backend Shutting Down...
2025-12-03 12:36:37,203 - backend.main - INFO - Backend shutdown complete ✓
2025-12-03 12:36:37,203 - backend.main - INFO - ============================================================
